#
# There is insufficient memory for the Java Runtime Environment to continue.
# Native memory allocation (malloc) failed to allocate 32744 bytes. Error detail: ChunkPool::allocate
# Possible reasons:
#   The system is out of physical RAM or swap space
#   This process is running with CompressedOops enabled, and the Java Heap may be blocking the growth of the native heap
# Possible solutions:
#   Reduce memory load on the system
#   Increase physical memory or swap space
#   Check if swap backing store is full
#   Decrease Java heap size (-Xmx/-Xms)
#   Decrease number of Java threads
#   Decrease Java thread stack sizes (-Xss)
#   Set larger code cache with -XX:ReservedCodeCacheSize=
#   JVM is running with Unscaled Compressed Oops mode in which the Java heap is
#     placed in the first 4GB address space. The Java Heap base address is the
#     maximum limit for the native heap growth. Please use -XX:HeapBaseMinAddress
#     to set the Java Heap base and to place the Java Heap above 4GB virtual address.
# This output file may be truncated or incomplete.
#
#  Out of Memory Error (arena.cpp:79), pid=64324, tid=59256
#
# JRE version: OpenJDK Runtime Environment Microsoft-9388408 (17.0.11+9) (build 17.0.11+9-LTS)
# Java VM: OpenJDK 64-Bit Server VM Microsoft-9388408 (17.0.11+9-LTS, mixed mode, sharing, tiered, compressed oops, compressed class ptrs, g1 gc, windows-amd64)
# No core dump will be written. Minidumps are not enabled by default on client versions of Windows
#

---------------  S U M M A R Y ------------

Command Line: -Xmx64m -Xms64m -Dorg.gradle.appname=gradlew org.gradle.wrapper.GradleWrapperMain app:installRelease -PreactNativeDevServerPort=8081

Host: Intel(R) Core(TM) i7-10700K CPU @ 3.80GHz, 16 cores, 31G,  Windows 11 , 64 bit Build 22621 (10.0.22621.3958)
Time: Thu Oct 24 23:15:32 2024 Paris, Madrid (heure duild 22621 (10.0.22621.3958) elapsed time: 72.559675 seconds (0d 0h 1m 12s)

---------------  T H R E A D  ---------------

Current thread (0x00000161ffe3e880):  JavaThread "C2 CompilerThread0" daemon [_thread_in_native, id=59256, stack(0x000000323cb00000,0x000000323cc00000)]


Current CompileTask:
C2:  72559 1948       4       org.gradle.internal.serialize.DefaultSerializerRegistry$TaggedTypeSerializer::read (69 bytes)

Stack: [0x000000323cb00000,0x000000323cc00000]
Native frames: (J=compiled Java code, j=interpreted, Vv=VM code, C=native code)
V  [jvm.dll+0x67f6d9]
V  [jvm.dll+0x83773a]
V  [jvm.dll+0x8391fe]
V  [jvm.dll+0x839863]
V  [jvm.dll+0x247fbf]
V  [jvm.dll+0xac741]
V  [jvm.dll+0xacb8c]
V  [jvm.dll+0x65bbb3]
V  [jvm.dll+0x61182b]
V  [jvm.dll+0x60fcca]
V  [jvm.dll+0x21a448]
V  [jvm.dll+0x219a11]
V  [jvm.dll+0x1a5396]
V  [jvm.dll+0x2297cd]
V  [jvm.dll+0x22799c]
V  [jvm.dll+0x7ec8b7]
V  [jvm.dll+0x7e6cba]
V  [jvm.dll+0x67e5c5]
C  [ucrtbase.dll+0x29333]
C  [KERNEL32.DLL+0x1257d]
C  [ntdll.dll+0x5af08]


---------------  P R O C E S S  ---------------

Threads class SMR info:
_java_thread_list=0x00000161c88bed40, length=15, elements={
0x00000161e79202d0, 0x00000161ffe0c420, 0x00000161ffe0d2a0, 0x00000161ffe24ea0,
0x00000161ffe26870, 0x00000161ffe27230, 0x00000161ffe27bf0, 0x00000161ffe3e880,
0x00000161ffe3f740, 0x00000161ffe33b00, 0x00000161c7217610, 0x00000161c7219780,
0x00000161c842f910, 0x00000161c76b37f0, 0x00000161c8cbbeb0
}

Java Threads: ( => current thread )
  0x00000161e79202d0 JavaThread "main" [_thread_in_native, id=22852, stack(0x000000323be00000,0x000000323bf00000)]
  0x00000161ffe0c420 JavaThread "Reference Handler" daemon [_thread_blocked, id=59840, stack(0x000000323c500000,0x000000323c600000)]
  0x00000161ffe0d2a0 JavaThread "Finalizer" daemon [_thread_blocked, id=19956, stack(0x000000323c600000,0x000000323c700000)]
  0x00000161ffe24ea0 JavaThread "Signal Dispatcher" daemon [_thread_blocked, id=60660, stack(0x000000323c700000,0x000000323c800000)]
  0x00000161ffe26870 JavaThread "Attach Listener" daemon [_thread_blocked, id=60764, stack(0x000000323c800000,0x000000323c900000)]
  0x00000161ffe27230 JavaThread "Service Thread" daemon [_thread_blocked, id=54780, stack(0x000000323c900000,0x000000323ca00000)]
  0x00000161ffe27bf0 JavaThread "Monitor Deflation Thread" daemon [_thread_blocked, id=57620, stack(0x000000323ca00000,0x000000323cb00000)]
=>0x00000161ffe3e880 JavaThread "C2 CompilerThread0" daemon [_thread_in_native, id=59256, stack(0x000000323cb00000,0x000000323cc00000)]
  0x00000161ffe3f740 JavaThread "C1 CompilerThread0" daemon [_thread_blocked, id=63520, stack(0x000000323cc00000,0x000000323cd00000)]
  0x00000161ffe33b00 JavaThread "Sweeper thread" daemon [_thread_blocked, id=27428, stack(0x000000323cd00000,0x000000323ce00000)]
  0x00000161c7217610 JavaThread "Notification Thread" daemon [_thread_blocked, id=61880, stack(0x000000323d000000,0x000000323d100000)]
  0x00000161c7219780 JavaThread "Common-Cleaner" daemon [_thread_blocked, id=56200, stack(0x000000323d200000,0x000000323d300000)]
  0x00000161c842f910 JavaThread "pool-1-thread-1" [_thread_blocked, id=53092, stack(0x000000323da00000,0x000000323db00000)]
  0x00000161c76b37f0 JavaThread "DisconnectableInputStream source reader" daemon [_thread_in_native, id=53488, stack(0x000000323dd00000,0x000000323de00000)]
  0x00000161c8cbbeb0 JavaThread "Forward input" [_thread_blocked, id=1756, stack(0x000000323de00000,0x000000323df00000)]

Other Threads:
  0x00000161ffe09420 VMThread "VM Thread" [stack: 0x000000323c400000,0x000000323c500000] [id=8512]
  0x00000161c7218710 WatcherThread [stack: 0x000000323d100000,0x000000323d200000] [id=47040]
  0x00000161e7940420 GCTaskThread "GC Thread#0" [stack: 0x000000323bf00000,0x000000323c000000] [id=44312]
  0x00000161c8004330 GCTaskThread "GC Thread#1" [stack: 0x000000323d500000,0x000000323d600000] [id=13776]
  0x00000161c78c1d00 GCTaskThread "GC Thread#2" [stack: 0x000000323d600000,0x000000323d700000] [id=63220]
  0x00000161c78e44a0 GCTaskThread "GC Thread#3" [stack: 0x000000323d700000,0x000000323d800000] [id=24876]
  0x00000161c7ed2960 GCTaskThread "GC Thread#4" [stack: 0x000000323d800000,0x000000323d900000] [id=55812]
  0x00000161c8c32cf0 GCTaskThread "GC Thread#5" [stack: 0x000000323d400000,0x000000323d500000] [id=51276]
  0x00000161c768e7a0 GCTaskThread "GC Thread#6" [stack: 0x000000323db00000,0x000000323dc00000] [id=63896]
  0x00000161e7941b70 ConcurrentGCThread "G1 Main Marker" [stack: 0x000000323c000000,0x000000323c100000] [id=17044]
  0x00000161e7942590 ConcurrentGCThread "G1 Conc#0" [stack: 0x000000323c100000,0x000000323c200000] [id=4600]
  0x00000161e79bc650 ConcurrentGCThread "G1 Refine#0" [stack: 0x000000323c200000,0x000000323c300000] [id=59552]
  0x00000161e79be090 ConcurrentGCThread "G1 Service" [stack: 0x000000323c300000,0x000000323c400000] [id=27572]

Threads with active compile tasks:
C2 CompilerThread0    72576 1948       4       org.gradle.internal.serialize.DefaultSerializerRegistry$TaggedTypeSerializer::read (69 bytes)

VM state: not at safepoint (normal execution)

VM Mutex/Monitor currently owned by a thread: None

Heap address: 0x00000000fc000000, size: 64 MB, Compressed Oops mode: 32-bit

CDS archive(s) mapped at: [0x0000016182000000-0x0000016182bb0000-0x0000016182bb0000), size 12255232, SharedBaseAddress: 0x0000016182000000, ArchiveRelocationMode: 1.
Compressed class space mapped at: 0x0000016183000000-0x00000161c3000000, reserved size: 1073741824
Narrow klass base: 0x0000016182000000, Narrow klass shift: 0, Narrow klass range: 0x100000000

GC Precious Log:
 CPUs: 16 total, 16 available
 Memory: 32683M
 Large Page Support: Disabled
 NUMA Support: Disabled
 Compressed Oops: Enabled (32-bit)
 Heap Region Size: 1M
 Heap Min Capacity: 64M
 Heap Initial Capacity: 64M
 Heap Max Capacity: 64M
 Pre-touch: Disabled
 Parallel Workers: 13
 Concurrent Workers: 3
 Concurrent Refinement Workers: 13
 Periodic GC: Disabled

Heap:
 garbage-first heap   total 65536K, used 17775K [0x00000000fc000000, 0x0000000100000000)
  region size 1024K, 8 young (8192K), 2 survivors (2048K)
 Metaspace       used 9968K, committed 10176K, reserved 1114112K
  class space    used 1299K, committed 1408K, reserved 1048576K

Heap Regions: E=young(eden), S=young(survivor), O=old, HS=humongous(starts), HC=humongous(continues), CS=collection set, F=free, OA=open archive, CA=closed archive, TAMS=top-at-mark-start (previous, next)
|   0|0x00000000fc000000, 0x00000000fc100000, 0x00000000fc100000|100%|HS|  |TAMS 0x00000000fc000000, 0x00000000fc000000| Complete 
|   1|0x00000000fc100000, 0x00000000fc200000, 0x00000000fc200000|100%|HC|  |TAMS 0x00000000fc100000, 0x00000000fc100000| Complete 
|   2|0x00000000fc200000, 0x00000000fc300000, 0x00000000fc300000|100%|HC|  |TAMS 0x00000000fc200000, 0x00000000fc200000| Complete 
|   3|0x00000000fc300000, 0x00000000fc400000, 0x00000000fc400000|100%|HC|  |TAMS 0x00000000fc300000, 0x00000000fc300000| Complete 
|   4|0x00000000fc400000, 0x00000000fc500000, 0x00000000fc500000|100%| O|  |TAMS 0x00000000fc400000, 0x00000000fc400000| Untracked 
|   5|0x00000000fc500000, 0x00000000fc600000, 0x00000000fc600000|100%| O|  |TAMS 0x00000000fc500000, 0x00000000fc500000| Untracked 
|   6|0x00000000fc600000, 0x00000000fc700000, 0x00000000fc700000|100%| O|  |TAMS 0x00000000fc600000, 0x00000000fc600000| Untracked 
|   7|0x00000000fc700000, 0x00000000fc800000, 0x00000000fc800000|100%| O|  |TAMS 0x00000000fc700000, 0x00000000fc700000| Untracked 
|   8|0x00000000fc800000, 0x00000000fc900000, 0x00000000fc900000|100%| O|  |TAMS 0x00000000fc800000, 0x00000000fc800000| Untracked 
|   9|0x00000000fc900000, 0x00000000fca00000, 0x00000000fca00000|100%| O|  |TAMS 0x00000000fc900000, 0x00000000fc900000| Untracked 
|  10|0x00000000fca00000, 0x00000000fcade800, 0x00000000fcb00000| 86%| O|  |TAMS 0x00000000fca00000, 0x00000000fca00000| Untracked 
|  11|0x00000000fcb00000, 0x00000000fcb00000, 0x00000000fcc00000|  0%| F|  |TAMS 0x00000000fcb00000, 0x00000000fcb00000| Untracked 
|  12|0x00000000fcc00000, 0x00000000fcc00000, 0x00000000fcd00000|  0%| F|  |TAMS 0x00000000fcc00000, 0x00000000fcc00000| Untracked 
|  13|0x00000000fcd00000, 0x00000000fcd00000, 0x00000000fce00000|  0%| F|  |TAMS 0x00000000fcd00000, 0x00000000fcd00000| Untracked 
|  14|0x00000000fce00000, 0x00000000fce00000, 0x00000000fcf00000|  0%| F|  |TAMS 0x00000000fce00000, 0x00000000fce00000| Untracked 
|  15|0x00000000fcf00000, 0x00000000fcf00000, 0x00000000fd000000|  0%| F|  |TAMS 0x00000000fcf00000, 0x00000000fcf00000| Untracked 
|  16|0x00000000fd000000, 0x00000000fd000000, 0x00000000fd100000|  0%| F|  |TAMS 0x00000000fd000000, 0x00000000fd000000| Untracked 
|  17|0x00000000fd100000, 0x00000000fd100000, 0x00000000fd200000|  0%| F|  |TAMS 0x00000000fd100000, 0x00000000fd100000| Untracked 
|  18|0x00000000fd200000, 0x00000000fd200000, 0x00000000fd300000|  0%| F|  |TAMS 0x00000000fd200000, 0x00000000fd200000| Untracked 
|  19|0x00000000fd300000, 0x00000000fd300000, 0x00000000fd400000|  0%| F|  |TAMS 0x00000000fd300000, 0x00000000fd300000| Untracked 
|  20|0x00000000fd400000, 0x00000000fd400000, 0x00000000fd500000|  0%| F|  |TAMS 0x00000000fd400000, 0x00000000fd400000| Untracked 
|  21|0x00000000fd500000, 0x00000000fd500000, 0x00000000fd600000|  0%| F|  |TAMS 0x00000000fd500000, 0x00000000fd500000| Untracked 
|  22|0x00000000fd600000, 0x00000000fd600000, 0x00000000fd700000|  0%| F|  |TAMS 0x00000000fd600000, 0x00000000fd600000| Untracked 
|  23|0x00000000fd700000, 0x00000000fd700000, 0x00000000fd800000|  0%| F|  |TAMS 0x00000000fd700000, 0x00000000fd700000| Untracked 
|  24|0x00000000fd800000, 0x00000000fd800000, 0x00000000fd900000|  0%| F|  |TAMS 0x00000000fd800000, 0x00000000fd800000| Untracked 
|  25|0x00000000fd900000, 0x00000000fd900000, 0x00000000fda00000|  0%| F|  |TAMS 0x00000000fd900000, 0x00000000fd900000| Untracked 
|  26|0x00000000fda00000, 0x00000000fda00000, 0x00000000fdb00000|  0%| F|  |TAMS 0x00000000fda00000, 0x00000000fda00000| Untracked 
|  27|0x00000000fdb00000, 0x00000000fdb00000, 0x00000000fdc00000|  0%| F|  |TAMS 0x00000000fdb00000, 0x00000000fdb00000| Untracked 
|  28|0x00000000fdc00000, 0x00000000fdc00000, 0x00000000fdd00000|  0%| F|  |TAMS 0x00000000fdc00000, 0x00000000fdc00000| Untracked 
|  29|0x00000000fdd00000, 0x00000000fdd00000, 0x00000000fde00000|  0%| F|  |TAMS 0x00000000fdd00000, 0x00000000fdd00000| Untracked 
|  30|0x00000000fde00000, 0x00000000fde00000, 0x00000000fdf00000|  0%| F|  |TAMS 0x00000000fde00000, 0x00000000fde00000| Untracked 
|  31|0x00000000fdf00000, 0x00000000fdf00000, 0x00000000fe000000|  0%| F|  |TAMS 0x00000000fdf00000, 0x00000000fdf00000| Untracked 
|  32|0x00000000fe000000, 0x00000000fe000000, 0x00000000fe100000|  0%| F|  |TAMS 0x00000000fe000000, 0x00000000fe000000| Untracked 
|  33|0x00000000fe100000, 0x00000000fe100000, 0x00000000fe200000|  0%| F|  |TAMS 0x00000000fe100000, 0x00000000fe100000| Untracked 
|  34|0x00000000fe200000, 0x00000000fe200000, 0x00000000fe300000|  0%| F|  |TAMS 0x00000000fe200000, 0x00000000fe200000| Untracked 
|  35|0x00000000fe300000, 0x00000000fe300000, 0x00000000fe400000|  0%| F|  |TAMS 0x00000000fe300000, 0x00000000fe300000| Untracked 
|  36|0x00000000fe400000, 0x00000000fe400000, 0x00000000fe500000|  0%| F|  |TAMS 0x00000000fe400000, 0x00000000fe400000| Untracked 
|  37|0x00000000fe500000, 0x00000000fe57d660, 0x00000000fe600000| 48%| S|CS|TAMS 0x00000000fe500000, 0x00000000fe500000| Complete 
|  38|0x00000000fe600000, 0x00000000fe600000, 0x00000000fe700000|  0%| F|  |TAMS 0x00000000fe600000, 0x00000000fe600000| Untracked 
|  39|0x00000000fe700000, 0x00000000fe700000, 0x00000000fe800000|  0%| F|  |TAMS 0x00000000fe700000, 0x00000000fe700000| Untracked 
|  40|0x00000000fe800000, 0x00000000fe800000, 0x00000000fe900000|  0%| F|  |TAMS 0x00000000fe800000, 0x00000000fe800000| Untracked 
|  41|0x00000000fe900000, 0x00000000fea00000, 0x00000000fea00000|100%| S|CS|TAMS 0x00000000fe900000, 0x00000000fe900000| Complete 
|  42|0x00000000fea00000, 0x00000000fea00000, 0x00000000feb00000|  0%| F|  |TAMS 0x00000000fea00000, 0x00000000fea00000| Untracked 
|  43|0x00000000feb00000, 0x00000000feb00000, 0x00000000fec00000|  0%| F|  |TAMS 0x00000000feb00000, 0x00000000feb00000| Untracked 
|  44|0x00000000fec00000, 0x00000000fec00000, 0x00000000fed00000|  0%| F|  |TAMS 0x00000000fec00000, 0x00000000fec00000| Untracked 
|  45|0x00000000fed00000, 0x00000000fed00000, 0x00000000fee00000|  0%| F|  |TAMS 0x00000000fed00000, 0x00000000fed00000| Untracked 
|  46|0x00000000fee00000, 0x00000000fee00000, 0x00000000fef00000|  0%| F|  |TAMS 0x00000000fee00000, 0x00000000fee00000| Untracked 
|  47|0x00000000fef00000, 0x00000000fef00000, 0x00000000ff000000|  0%| F|  |TAMS 0x00000000fef00000, 0x00000000fef00000| Untracked 
|  48|0x00000000ff000000, 0x00000000ff000000, 0x00000000ff100000|  0%| F|  |TAMS 0x00000000ff000000, 0x00000000ff000000| Untracked 
|  49|0x00000000ff100000, 0x00000000ff100000, 0x00000000ff200000|  0%| F|  |TAMS 0x00000000ff100000, 0x00000000ff100000| Untracked 
|  50|0x00000000ff200000, 0x00000000ff200000, 0x00000000ff300000|  0%| F|  |TAMS 0x00000000ff200000, 0x00000000ff200000| Untracked 
|  51|0x00000000ff300000, 0x00000000ff300000, 0x00000000ff400000|  0%| F|  |TAMS 0x00000000ff300000, 0x00000000ff300000| Untracked 
|  52|0x00000000ff400000, 0x00000000ff400000, 0x00000000ff500000|  0%| F|  |TAMS 0x00000000ff400000, 0x00000000ff400000| Untracked 
|  53|0x00000000ff500000, 0x00000000ff500000, 0x00000000ff600000|  0%| F|  |TAMS 0x00000000ff500000, 0x00000000ff500000| Untracked 
|  54|0x00000000ff600000, 0x00000000ff600000, 0x00000000ff700000|  0%| F|  |TAMS 0x00000000ff600000, 0x00000000ff600000| Untracked 
|  55|0x00000000ff700000, 0x00000000ff700000, 0x00000000ff800000|  0%| F|  |TAMS 0x00000000ff700000, 0x00000000ff700000| Untracked 
|  56|0x00000000ff800000, 0x00000000ff800000, 0x00000000ff900000|  0%| F|  |TAMS 0x00000000ff800000, 0x00000000ff800000| Untracked 
|  57|0x00000000ff900000, 0x00000000ff900000, 0x00000000ffa00000|  0%| F|  |TAMS 0x00000000ff900000, 0x00000000ff900000| Untracked 
|  58|0x00000000ffa00000, 0x00000000ffaf9b68, 0x00000000ffb00000| 97%| E|  |TAMS 0x00000000ffa00000, 0x00000000ffa00000| Complete 
|  59|0x00000000ffb00000, 0x00000000ffc00000, 0x00000000ffc00000|100%| E|CS|TAMS 0x00000000ffb00000, 0x00000000ffb00000| Complete 
|  60|0x00000000ffc00000, 0x00000000ffd00000, 0x00000000ffd00000|100%| E|CS|TAMS 0x00000000ffc00000, 0x00000000ffc00000| Complete 
|  61|0x00000000ffd00000, 0x00000000ffe00000, 0x00000000ffe00000|100%| E|CS|TAMS 0x00000000ffd00000, 0x00000000ffd00000| Complete 
|  62|0x00000000ffe00000, 0x00000000fff00000, 0x00000000fff00000|100%| E|CS|TAMS 0x00000000ffe00000, 0x00000000ffe00000| Complete 
|  63|0x00000000fff00000, 0x0000000100000000, 0x0000000100000000|100%| E|CS|TAMS 0x00000000fff00000, 0x00000000fff00000| Complete 

Card table byte_map: [0x00000161e7860000,0x00000161e7880000] _byte_map_base: 0x00000161e7080000

Marking Bits (Prev, Next): (CMBitMap*) 0x00000161e7940a40, (CMBitMap*) 0x00000161e7940a80
 Prev Bits: [0x00000161fecd0000, 0x00000161fedd0000)
 Next Bits: [0x00000161fedd0000, 0x00000161feed0000)

Polling page: 0x00000161e70d0000

Metaspace:

Usage:
  Non-class:      8.47 MB used.
      Class:      1.27 MB used.
       Both:      9.73 MB used.

Virtual space:
  Non-class space:       64.00 MB reserved,       8.56 MB ( 13%) committed,  1 nodes.
      Class space:        1.00 GB reserved,       1.38 MB ( <1%) committed,  1 nodes.
             Both:        1.06 GB reserved,       9.94 MB ( <1%) committed. 

Chunk freelists:
   Non-Class:  7.33 MB
       Class:  14.53 MB
        Both:  21.86 MB

MaxMetaspaceSize: unlimited
CompressedClassSpaceSize: 1.00 GB
Initial GC threshold: 21.00 MB
Current GC threshold: 21.00 MB
CDS: on
MetaspaceReclaimPolicy: balanced
 - commit_granule_bytes: 65536.
 - commit_granule_words: 8192.
 - virtual_space_node_default_size: 8388608.
 - enlarge_chunks_in_place: 1.
 - new_chunks_are_fully_committed: 0.
 - uncommit_free_chunks: 1.
 - use_allocation_guard: 0.
 - handle_deallocations: 1.


Internal statistics:

num_allocs_failed_limit: 0.
num_arena_births: 82.
num_arena_deaths: 0.
num_vsnodes_births: 2.
num_vsnodes_deaths: 0.
num_space_committed: 159.
num_space_uncommitted: 0.
num_chunks_returned_to_freelist: 0.
num_chunks_taken_from_freelist: 345.
num_chunk_merges: 0.
num_chunk_splits: 241.
num_chunks_enlarged: 197.
num_inconsistent_stats: 0.

CodeHeap 'non-profiled nmethods': size=119168Kb used=772Kb max_used=772Kb free=118395Kb
 bounds [0x00000161f6fe0000, 0x00000161f7250000, 0x00000161fe440000]
CodeHeap 'profiled nmethods': size=119104Kb used=3815Kb max_used=3815Kb free=115288Kb
 bounds [0x00000161ef440000, 0x00000161ef800000, 0x00000161f6890000]
CodeHeap 'non-nmethods': size=7488Kb used=1173Kb max_used=2926Kb free=6314Kb
 bounds [0x00000161f6890000, 0x00000161f6b80000, 0x00000161f6fe0000]
 total_blobs=2417 nmethods=1947 adapters=383
 compilation: enabled
              stopped_count=0, restarted_count=0
 full_count=0

Compilation events (20 events):
Event: 68.835 Thread 0x00000161ffe3f740 1939       3       org.gradle.internal.logging.console.DefaultTextArea$2::<init> (15 bytes)
Event: 68.835 Thread 0x00000161ffe3f740 nmethod 1939 0x00000161ef7f7010 code [0x00000161ef7f71c0, 0x00000161ef7f73d8]
Event: 68.835 Thread 0x00000161ffe3f740 1940       3       org.gradle.internal.logging.console.DefaultTextArea$2::execute (9 bytes)
Event: 68.835 Thread 0x00000161ffe3f740 nmethod 1940 0x00000161ef7f7490 code [0x00000161ef7f7640, 0x00000161ef7f78a8]
Event: 68.835 Thread 0x00000161ffe3f740 1941       3       org.gradle.internal.logging.console.DefaultTextArea$2::execute (23 bytes)
Event: 68.836 Thread 0x00000161ffe3f740 nmethod 1941 0x00000161ef7f7990 code [0x00000161ef7f7be0, 0x00000161ef7f85c8]
Event: 68.836 Thread 0x00000161ffe3f740 1942       3       org.gradle.internal.logging.console.DefaultTextArea$2$1::<init> (10 bytes)
Event: 68.836 Thread 0x00000161ffe3f740 nmethod 1942 0x00000161ef7f8a10 code [0x00000161ef7f8ba0, 0x00000161ef7f8d78]
Event: 68.836 Thread 0x00000161ffe3f740 1943       3       org.gradle.internal.logging.console.DefaultTextArea$2$1::execute (9 bytes)
Event: 68.836 Thread 0x00000161ffe3f740 nmethod 1943 0x00000161ef7f8e90 code [0x00000161ef7f9040, 0x00000161ef7f9288]
Event: 68.837 Thread 0x00000161ffe3e880 nmethod 1922 0x00000161f709dd90 code [0x00000161f709e000, 0x00000161f709f960]
Event: 68.839 Thread 0x00000161ffe3f740 1944       3       org.gradle.internal.logging.console.MultiLineBuildProgressArea::newLineAdjustment (50 bytes)
Event: 68.839 Thread 0x00000161ffe3f740 nmethod 1944 0x00000161ef7f9390 code [0x00000161ef7f9580, 0x00000161ef7f9b08]
Event: 68.841 Thread 0x00000161ffe3e880 1945       4       java.lang.InheritableThreadLocal::getMap (5 bytes)
Event: 68.841 Thread 0x00000161ffe3e880 nmethod 1945 0x00000161f70a0690 code [0x00000161f70a0800, 0x00000161f70a0898]
Event: 71.708 Thread 0x00000161ffe3e880 1946       4       java.util.concurrent.atomic.AtomicLong::compareAndSet (13 bytes)
Event: 71.708 Thread 0x00000161ffe3e880 nmethod 1946 0x00000161f70a0990 code [0x00000161f70a0b00, 0x00000161f70a0b98]
Event: 72.307 Thread 0x00000161ffe3e880 1947       4       java.lang.StringCoding::implEncodeAsciiArray (47 bytes)
Event: 72.310 Thread 0x00000161ffe3e880 nmethod 1947 0x00000161f70a0c90 code [0x00000161f70a0e00, 0x00000161f70a1218]
Event: 72.555 Thread 0x00000161ffe3e880 1948       4       org.gradle.internal.serialize.DefaultSerializerRegistry$TaggedTypeSerializer::read (69 bytes)

GC Heap History (4 events):
Event: 0.370 GC heap before
{Heap before GC invocations=0 (full 0):
 garbage-first heap   total 65536K, used 26624K [0x00000000fc000000, 0x0000000100000000)
  region size 1024K, 23 young (23552K), 0 survivors (0K)
 Metaspace       used 2529K, committed 2752K, reserved 1114112K
  class space    used 260K, committed 384K, reserved 1048576K
}
Event: 0.374 GC heap after
{Heap after GC invocations=1 (full 0):
 garbage-first heap   total 65536K, used 10716K [0x00000000fc000000, 0x0000000100000000)
  region size 1024K, 3 young (3072K), 3 survivors (3072K)
 Metaspace       used 2529K, committed 2752K, reserved 1114112K
  class space    used 260K, committed 384K, reserved 1048576K
}
Event: 0.830 GC heap before
{Heap before GC invocations=1 (full 0):
 garbage-first heap   total 65536K, used 33244K [0x00000000fc000000, 0x0000000100000000)
  region size 1024K, 25 young (25600K), 3 survivors (3072K)
 Metaspace       used 8649K, committed 8896K, reserved 1114112K
  class space    used 1170K, committed 1280K, reserved 1048576K
}
Event: 0.833 GC heap after
{Heap after GC invocations=2 (full 0):
 garbage-first heap   total 65536K, used 12655K [0x00000000fc000000, 0x0000000100000000)
  region size 1024K, 2 young (2048K), 2 survivors (2048K)
 Metaspace       used 8649K, committed 8896K, reserved 1114112K
  class space    used 1170K, committed 1280K, reserved 1048576K
}

Dll operation events (13 events):
Event: 0.004 Loaded shared library C:\Program Files\Microsoft\jdk-17.0.11.9-hotspot\bin\java.dll
Event: 0.016 Loaded shared library C:\Program Files\Microsoft\jdk-17.0.11.9-hotspot\bin\jsvml.dll
Event: 0.034 Loaded shared library C:\Program Files\Microsoft\jdk-17.0.11.9-hotspot\bin\net.dll
Event: 0.035 Loaded shared library C:\Program Files\Microsoft\jdk-17.0.11.9-hotspot\bin\nio.dll
Event: 0.036 Loaded shared library C:\Program Files\Microsoft\jdk-17.0.11.9-hotspot\bin\zip.dll
Event: 0.038 Loaded shared library C:\Program Files\Microsoft\jdk-17.0.11.9-hotspot\bin\verify.dll
Event: 0.258 Loaded shared library C:\Program Files\Microsoft\jdk-17.0.11.9-hotspot\bin\jimage.dll
Event: 0.476 Loaded shared library C:\Users\Alex\.gradle\native\c067742578af261105cb4f569cf0c3c89f3d7b1fecec35dd04571415982c5e48\windows-amd64\native-platform.dll
Event: 0.488 Loaded shared library C:\Users\Alex\.gradle\native\jansi\1.18\windows64\jansi.dll
Event: 0.575 Loaded shared library C:\Program Files\Microsoft\jdk-17.0.11.9-hotspot\bin\management.dll
Event: 0.576 Loaded shared library C:\Program Files\Microsoft\jdk-17.0.11.9-hotspot\bin\management_ext.dll
Event: 0.804 Loaded shared library C:\Program Files\Microsoft\jdk-17.0.11.9-hotspot\bin\extnet.dll
Event: 0.842 Loaded shared library C:\Program Files\Microsoft\jdk-17.0.11.9-hotspot\bin\sunmscapi.dll

Deoptimization events (20 events):
Event: 11.341 Thread 0x00000161e79202d0 DEOPT PACKING pc=0x00000161f7000f1c sp=0x000000323befc5d0
Event: 11.341 Thread 0x00000161e79202d0 DEOPT UNPACKING pc=0x00000161f68e69a3 sp=0x000000323befc510 mode 2
Event: 11.408 Thread 0x00000161c842f910 Uncommon trap: trap_request=0xffffff45 fr.pc=0x00000161f6ff8bdc relative=0x00000000000001bc
Event: 11.408 Thread 0x00000161c842f910 Uncommon trap: reason=unstable_if action=reinterpret pc=0x00000161f6ff8bdc method=java.lang.String.indexOf(II)I @ 4 c2
Event: 11.408 Thread 0x00000161c842f910 DEOPT PACKING pc=0x00000161f6ff8bdc sp=0x000000323dafe820
Event: 11.408 Thread 0x00000161c842f910 DEOPT UNPACKING pc=0x00000161f68e69a3 sp=0x000000323dafe7c0 mode 2
Event: 11.408 Thread 0x00000161c842f910 Uncommon trap: trap_request=0xffffff45 fr.pc=0x00000161f7020850 relative=0x0000000000000510
Event: 11.408 Thread 0x00000161c842f910 Uncommon trap: reason=unstable_if action=reinterpret pc=0x00000161f7020850 method=java.lang.AbstractStringBuilder.putStringAt(ILjava/lang/String;II)V @ 8 c2
Event: 11.408 Thread 0x00000161c842f910 DEOPT PACKING pc=0x00000161f7020850 sp=0x000000323dafe560
Event: 11.408 Thread 0x00000161c842f910 DEOPT UNPACKING pc=0x00000161f68e69a3 sp=0x000000323dafe440 mode 2
Event: 11.408 Thread 0x00000161c842f910 Uncommon trap: trap_request=0xffffff45 fr.pc=0x00000161f707d8a0 relative=0x0000000000000400
Event: 11.408 Thread 0x00000161c842f910 Uncommon trap: reason=unstable_if action=reinterpret pc=0x00000161f707d8a0 method=java.lang.AbstractStringBuilder.isLatin1()Z @ 10 c2
Event: 11.408 Thread 0x00000161c842f910 DEOPT PACKING pc=0x00000161f707d8a0 sp=0x000000323dafe9c0
Event: 11.408 Thread 0x00000161c842f910 DEOPT UNPACKING pc=0x00000161f68e69a3 sp=0x000000323dafe940 mode 2
Event: 11.409 Thread 0x00000161c842f910 Uncommon trap: trap_request=0xffffff45 fr.pc=0x00000161f6ffc784 relative=0x0000000000000264
Event: 11.409 Thread 0x00000161c842f910 Uncommon trap: reason=unstable_if action=reinterpret pc=0x00000161f6ffc784 method=java.lang.String.getChars(II[CI)V @ 23 c2
Event: 11.409 Thread 0x00000161c842f910 DEOPT PACKING pc=0x00000161f6ffc784 sp=0x000000323dafe870
Event: 11.409 Thread 0x00000161c842f910 DEOPT UNPACKING pc=0x00000161f68e69a3 sp=0x000000323dafe830 mode 2
Event: 13.198 Thread 0x00000161e79202d0 DEOPT PACKING pc=0x00000161ef6f31cd sp=0x000000323befc460
Event: 13.198 Thread 0x00000161e79202d0 DEOPT UNPACKING pc=0x00000161f68e7143 sp=0x000000323befb8f8 mode 0

Classes unloaded (0 events):
No events

Classes redefined (0 events):
No events

Internal exceptions (19 events):
Event: 0.093 Thread 0x00000161e79202d0 Exception <a 'java/lang/NoSuchMethodError'{0x00000000ffcde670}: 'int java.lang.invoke.DirectMethodHandle$Holder.invokeStaticInit(java.lang.Object, java.lang.Object)'> (0x00000000ffcde670) 
thrown [s\src\hotspot\share\interpreter\linkResolver.cpp, line 759]
Event: 0.441 Thread 0x00000161e79202d0 Exception <a 'java/lang/NoSuchMethodError'{0x00000000ffcfe688}: 'void java.lang.invoke.DirectMethodHandle$Holder.invokeStatic(java.lang.Object, java.lang.Object)'> (0x00000000ffcfe688) 
thrown [s\src\hotspot\share\interpreter\linkResolver.cpp, line 759]
Event: 0.453 Thread 0x00000161e79202d0 Exception <a 'java/lang/NoClassDefFoundError'{0x00000000ffb93a58}: org/slf4j/impl/StaticMarkerBinder> (0x00000000ffb93a58) 
thrown [s\src\hotspot\share\classfile\systemDictionary.cpp, line 245]
Event: 0.459 Thread 0x00000161e79202d0 Exception <a 'java/lang/NoSuchMethodError'{0x00000000ffa05278}: 'java.lang.Object java.lang.invoke.DirectMethodHandle$Holder.invokeVirtual(java.lang.Object, java.lang.Object, java.lang.Object)'> (0x00000000ffa05278) 
thrown [s\src\hotspot\share\interpreter\linkResolver.cpp, line 759]
Event: 0.463 Thread 0x00000161e79202d0 Exception <a 'java/lang/NoSuchMethodError'{0x00000000ffa4bad8}: 'java.lang.Object java.lang.invoke.DirectMethodHandle$Holder.invokeVirtual(java.lang.Object, java.lang.Object, java.lang.Object, java.lang.Object, java.lang.Object, java.lang.Object, java.lang.Object)'> (0x00000000ffa4bad8) 
thrown [s\src\hotspot\share\interpreter\linkResolver.cpp, line 759]
Event: 0.464 Thread 0x00000161e79202d0 Exception <a 'java/lang/NoSuchMethodError'{0x00000000ffa5d0d0}: 'java.lang.Object java.lang.invoke.Invokers$Holder.invoker(java.lang.Object, java.lang.Object, java.lang.Object)'> (0x00000000ffa5d0d0) 
thrown [s\src\hotspot\share\interpreter\linkResolver.cpp, line 759]
Event: 0.465 Thread 0x00000161e79202d0 Exception <a 'java/lang/NoSuchMethodError'{0x00000000ffa65fc0}: 'java.lang.Object java.lang.invoke.DirectMethodHandle$Holder.invokeStatic(java.lang.Object, java.lang.Object, int)'> (0x00000000ffa65fc0) 
thrown [s\src\hotspot\share\interpreter\linkResolver.cpp, line 759]
Event: 0.466 Thread 0x00000161e79202d0 Exception <a 'java/lang/NoSuchMethodError'{0x00000000ffa71f08}: 'void java.lang.invoke.DelegatingMethodHandle$Holder.delegate(java.lang.Object, java.lang.Object, int, java.lang.Object)'> (0x00000000ffa71f08) 
thrown [s\src\hotspot\share\interpreter\linkResolver.cpp, line 759]
Event: 0.466 Thread 0x00000161e79202d0 Exception <a 'java/lang/NoSuchMethodError'{0x00000000ffa76050}: 'int java.lang.invoke.DirectMethodHandle$Holder.invokeSpecial(java.lang.Object, java.lang.Object, java.lang.Object)'> (0x00000000ffa76050) 
thrown [s\src\hotspot\share\interpreter\linkResolver.cpp, line 759]
Event: 0.468 Thread 0x00000161e79202d0 Exception <a 'java/lang/NoSuchMethodError'{0x00000000ffa89198}: 'java.lang.Object java.lang.invoke.Invokers$Holder.invokeExact_MT(java.lang.Object, java.lang.Object, java.lang.Object, java.lang.Object)'> (0x00000000ffa89198) 
thrown [s\src\hotspot\share\interpreter\linkResolver.cpp, line 759]
Event: 0.554 Thread 0x00000161e79202d0 Exception <a 'java/lang/NoSuchMethodError'{0x00000000ff32d5d0}: 'void java.lang.invoke.DirectMethodHandle$Holder.invokeSpecial(java.lang.Object, java.lang.Object, java.lang.Object)'> (0x00000000ff32d5d0) 
thrown [s\src\hotspot\share\interpreter\linkResolver.cpp, line 759]
Event: 0.562 Thread 0x00000161e79202d0 Implicit null exception at 0x00000161f70411ac to 0x00000161f704161c
Event: 0.562 Thread 0x00000161e79202d0 Implicit null exception at 0x00000161f7023b2c to 0x00000161f7023f78
Event: 0.574 Thread 0x00000161e79202d0 Exception <a 'java/lang/NoSuchMethodError'{0x00000000ff2a9b98}: 'java.lang.Object java.lang.invoke.DirectMethodHandle$Holder.invokeStaticInit(java.lang.Object)'> (0x00000000ff2a9b98) 
thrown [s\src\hotspot\share\interpreter\linkResolver.cpp, line 759]
Event: 0.586 Thread 0x00000161e79202d0 Exception <a 'java/lang/NoSuchMethodError'{0x00000000ff1550f8}: 'int java.lang.invoke.DirectMethodHandle$Holder.invokeVirtual(java.lang.Object, java.lang.Object, java.lang.Object)'> (0x00000000ff1550f8) 
thrown [s\src\hotspot\share\interpreter\linkResolver.cpp, line 759]
Event: 0.638 Thread 0x00000161e79202d0 Exception <a 'java/lang/NoSuchMethodError'{0x00000000fec80d40}: 'java.lang.Object java.lang.invoke.DirectMethodHandle$Holder.invokeStaticInit(java.lang.Object, int, int, int, int)'> (0x00000000fec80d40) 
thrown [s\src\hotspot\share\interpreter\linkResolver.cpp, line 759]
Event: 0.674 Thread 0x00000161e79202d0 Exception <a 'java/lang/NoSuchMethodError'{0x00000000feb5adb0}: 'java.lang.Object java.lang.invoke.DirectMethodHandle$Holder.invokeStaticInit(java.lang.Object, java.lang.Object, int, int, int, int)'> (0x00000000feb5adb0) 
thrown [s\src\hotspot\share\interpreter\linkResolver.cpp, line 759]
Event: 0.806 Thread 0x00000161e79202d0 Exception <a 'java/lang/NoSuchMethodError'{0x00000000feb8e1b8}: 'void java.lang.invoke.DirectMethodHandle$Holder.invokeStatic(java.lang.Object, java.lang.Object, java.lang.Object)'> (0x00000000feb8e1b8) 
thrown [s\src\hotspot\share\interpreter\linkResolver.cpp, line 759]
Event: 0.815 Thread 0x00000161e79202d0 Implicit null exception at 0x00000161f7061272 to 0x00000161f706188c

VM Operations (20 events):
Event: 42.006 Executing VM operation: Cleanup
Event: 42.006 Executing VM operation: Cleanup done
Event: 45.025 Executing VM operation: Cleanup
Event: 45.025 Executing VM operation: Cleanup done
Event: 50.055 Executing VM operation: Cleanup
Event: 50.055 Executing VM operation: Cleanup done
Event: 51.061 Executing VM operation: Cleanup
Event: 51.061 Executing VM operation: Cleanup done
Event: 54.065 Executing VM operation: Cleanup
Event: 54.065 Executing VM operation: Cleanup done
Event: 60.117 Executing VM operation: HandshakeAllThreads
Event: 60.117 Executing VM operation: HandshakeAllThreads done
Event: 65.133 Executing VM operation: Cleanup
Event: 65.133 Executing VM operation: Cleanup done
Event: 67.157 Executing VM operation: Cleanup
Event: 67.157 Executing VM operation: Cleanup done
Event: 68.160 Executing VM operation: Cleanup
Event: 68.160 Executing VM operation: Cleanup done
Event: 69.175 Executing VM operation: Cleanup
Event: 69.175 Executing VM operation: Cleanup done

Events (20 events):
Event: 11.347 loading class java/io/ObjectInputFilter$Config$BuiltinFilterFactory
Event: 11.347 loading class java/io/ObjectInputFilter$Config$BuiltinFilterFactory done
Event: 11.347 loading class jdk/internal/access/JavaObjectInputFilterAccess
Event: 11.347 loading class jdk/internal/access/JavaObjectInputFilterAccess done
Event: 11.347 loading class java/lang/System$Logger$Level
Event: 11.347 loading class java/lang/System$Logger$Level done
Event: 11.347 loading class java/io/Bits
Event: 11.347 loading class java/io/Bits done
Event: 11.409 Thread 0x00000161c8d210c0 Thread added: 0x00000161c8d210c0
Event: 12.965 Thread 0x00000161c8d21610 Thread added: 0x00000161c8d21610
Event: 12.965 Thread 0x00000161c8d235f0 Thread added: 0x00000161c8d235f0
Event: 15.404 Thread 0x00000161c8d235f0 Thread exited: 0x00000161c8d235f0
Event: 16.806 Thread 0x00000161c8d21610 Thread exited: 0x00000161c8d21610
Event: 20.903 Thread 0x00000161c8d210c0 Thread exited: 0x00000161c8d210c0
Event: 38.902 Thread 0x00000161c8d230a0 Thread added: 0x00000161c8d230a0
Event: 38.902 Thread 0x00000161c8d22b50 Thread added: 0x00000161c8d22b50
Event: 39.702 Thread 0x00000161c8d22b50 Thread exited: 0x00000161c8d22b50
Event: 40.204 Thread 0x00000161c8d230a0 Thread exited: 0x00000161c8d230a0
Event: 66.921 Thread 0x00000161c8d20620 Thread added: 0x00000161c8d20620
Event: 67.929 Thread 0x00000161c8d20620 Thread exited: 0x00000161c8d20620


Dynamic libraries:
0x00007ff6d3aa0000 - 0x00007ff6d3aae000 	C:\Program Files\Microsoft\jdk-17.0.11.9-hotspot\bin\java.exe
0x00007fff0a170000 - 0x00007fff0a387000 	C:\WINDOWS\SYSTEM32\ntdll.dll
0x00007fff09900000 - 0x00007fff099c4000 	C:\WINDOWS\System32\KERNEL32.DLL
0x00007fff07860000 - 0x00007fff07c17000 	C:\WINDOWS\System32\KERNELBASE.dll
0x00007fff07660000 - 0x00007fff07771000 	C:\WINDOWS\System32\ucrtbase.dll
0x00007ffeed3d0000 - 0x00007ffeed3e7000 	C:\Program Files\Microsoft\jdk-17.0.11.9-hotspot\bin\jli.dll
0x00007ffedbc00000 - 0x00007ffedbc1b000 	C:\Program Files\Microsoft\jdk-17.0.11.9-hotspot\bin\VCRUNTIME140.dll
0x00007fff08480000 - 0x00007fff0862f000 	C:\WINDOWS\System32\USER32.dll
0x00007fff07830000 - 0x00007fff07856000 	C:\WINDOWS\System32\win32u.dll
0x00007ffef9ff0000 - 0x00007ffefa283000 	C:\WINDOWS\WinSxS\amd64_microsoft.windows.common-controls_6595b64144ccf1df_6.0.22621.3672_none_2713b9d173822955\COMCTL32.dll
0x00007fff087a0000 - 0x00007fff087c9000 	C:\WINDOWS\System32\GDI32.dll
0x00007fff08630000 - 0x00007fff086d7000 	C:\WINDOWS\System32\msvcrt.dll
0x00007fff07cc0000 - 0x00007fff07dd8000 	C:\WINDOWS\System32\gdi32full.dll
0x00007fff07c20000 - 0x00007fff07cba000 	C:\WINDOWS\System32\msvcp_win.dll
0x00007fff09c10000 - 0x00007fff09c41000 	C:\WINDOWS\System32\IMM32.DLL
0x00007fff03620000 - 0x00007fff0362c000 	C:\Program Files\Microsoft\jdk-17.0.11.9-hotspot\bin\vcruntime140_1.dll
0x00007ffea3950000 - 0x00007ffea39dd000 	C:\Program Files\Microsoft\jdk-17.0.11.9-hotspot\bin\msvcp140.dll
0x00007ffe5fe80000 - 0x00007ffe60ae6000 	C:\Program Files\Microsoft\jdk-17.0.11.9-hotspot\bin\server\jvm.dll
0x00007fff083b0000 - 0x00007fff08462000 	C:\WINDOWS\System32\ADVAPI32.dll
0x00007fff097a0000 - 0x00007fff09848000 	C:\WINDOWS\System32\sechost.dll
0x00007fff07780000 - 0x00007fff077a8000 	C:\WINDOWS\System32\bcrypt.dll
0x00007fff08d50000 - 0x00007fff08e64000 	C:\WINDOWS\System32\RPCRT4.dll
0x00007fff03600000 - 0x00007fff03609000 	C:\WINDOWS\SYSTEM32\WSOCK32.dll
0x00007fff00030000 - 0x00007fff00064000 	C:\WINDOWS\SYSTEM32\WINMM.dll
0x00007fff062f0000 - 0x00007fff0633d000 	C:\WINDOWS\SYSTEM32\POWRPROF.dll
0x00007fff08330000 - 0x00007fff083a1000 	C:\WINDOWS\System32\WS2_32.dll
0x00007ffefd490000 - 0x00007ffefd49a000 	C:\WINDOWS\SYSTEM32\VERSION.dll
0x00007fff062d0000 - 0x00007fff062e3000 	C:\WINDOWS\SYSTEM32\UMPDC.dll
0x00007fff06580000 - 0x00007fff06598000 	C:\WINDOWS\SYSTEM32\kernel.appcore.dll
0x00007fff03560000 - 0x00007fff0356a000 	C:\Program Files\Microsoft\jdk-17.0.11.9-hotspot\bin\jimage.dll
0x00007ffef1df0000 - 0x00007ffef2022000 	C:\WINDOWS\SYSTEM32\DBGHELP.DLL
0x00007fff07fa0000 - 0x00007fff0832e000 	C:\WINDOWS\System32\combase.dll
0x00007fff09e20000 - 0x00007fff09ef7000 	C:\WINDOWS\System32\OLEAUT32.dll
0x00007ffefb9f0000 - 0x00007ffefba22000 	C:\WINDOWS\SYSTEM32\dbgcore.DLL
0x00007fff077b0000 - 0x00007fff0782b000 	C:\WINDOWS\System32\bcryptPrimitives.dll
0x00007ffed8490000 - 0x00007ffed84b5000 	C:\Program Files\Microsoft\jdk-17.0.11.9-hotspot\bin\java.dll
0x00007ffea3870000 - 0x00007ffea3947000 	C:\Program Files\Microsoft\jdk-17.0.11.9-hotspot\bin\jsvml.dll
0x00007fff08f30000 - 0x00007fff09799000 	C:\WINDOWS\System32\SHELL32.dll
0x00007fff053b0000 - 0x00007fff05caf000 	C:\WINDOWS\SYSTEM32\windows.storage.dll
0x00007fff05270000 - 0x00007fff053af000 	C:\WINDOWS\SYSTEM32\wintypes.dll
0x00007fff07ea0000 - 0x00007fff07f99000 	C:\WINDOWS\System32\SHCORE.dll
0x00007fff08740000 - 0x00007fff0879e000 	C:\WINDOWS\System32\shlwapi.dll
0x00007fff073b0000 - 0x00007fff073d7000 	C:\WINDOWS\SYSTEM32\profapi.dll
0x00007ffedbbe0000 - 0x00007ffedbbf9000 	C:\Program Files\Microsoft\jdk-17.0.11.9-hotspot\bin\net.dll
0x00007fff02840000 - 0x00007fff02976000 	C:\WINDOWS\SYSTEM32\WINHTTP.dll
0x00007fff069e0000 - 0x00007fff06a49000 	C:\WINDOWS\system32\mswsock.dll
0x00007ffed63a0000 - 0x00007ffed63b6000 	C:\Program Files\Microsoft\jdk-17.0.11.9-hotspot\bin\nio.dll
0x00007ffed6380000 - 0x00007ffed6398000 	C:\Program Files\Microsoft\jdk-17.0.11.9-hotspot\bin\zip.dll
0x00007fff03440000 - 0x00007fff03450000 	C:\Program Files\Microsoft\jdk-17.0.11.9-hotspot\bin\verify.dll
0x00007ffeaa800000 - 0x00007ffeaa827000 	C:\Users\Alex\.gradle\native\c067742578af261105cb4f569cf0c3c89f3d7b1fecec35dd04571415982c5e48\windows-amd64\native-platform.dll
0x00007ffecfdd0000 - 0x00007ffecfdda000 	C:\Users\Alex\.gradle\native\jansi\1.18\windows64\jansi.dll
0x00007ffeeb890000 - 0x00007ffeeb899000 	C:\Program Files\Microsoft\jdk-17.0.11.9-hotspot\bin\management.dll
0x00007ffed65c0000 - 0x00007ffed65cb000 	C:\Program Files\Microsoft\jdk-17.0.11.9-hotspot\bin\management_ext.dll
0x00007fff09f00000 - 0x00007fff09f08000 	C:\WINDOWS\System32\PSAPI.DLL
0x00007fff06d30000 - 0x00007fff06d4b000 	C:\WINDOWS\SYSTEM32\CRYPTSP.dll
0x00007fff064e0000 - 0x00007fff06515000 	C:\WINDOWS\system32\rsaenh.dll
0x00007fff06a80000 - 0x00007fff06aa8000 	C:\WINDOWS\SYSTEM32\USERENV.dll
0x00007fff06d10000 - 0x00007fff06d1c000 	C:\WINDOWS\SYSTEM32\CRYPTBASE.dll
0x00007fff05f80000 - 0x00007fff05fad000 	C:\WINDOWS\SYSTEM32\IPHLPAPI.DLL
0x00007fff08f20000 - 0x00007fff08f29000 	C:\WINDOWS\System32\NSI.dll
0x00007fff02550000 - 0x00007fff02569000 	C:\WINDOWS\SYSTEM32\dhcpcsvc6.DLL
0x00007fff02440000 - 0x00007fff0245f000 	C:\WINDOWS\SYSTEM32\dhcpcsvc.DLL
0x00007fff05ff0000 - 0x00007fff060f2000 	C:\WINDOWS\SYSTEM32\DNSAPI.dll
0x00007ffed6370000 - 0x00007ffed6379000 	C:\Program Files\Microsoft\jdk-17.0.11.9-hotspot\bin\extnet.dll
0x00007ffecfde0000 - 0x00007ffecfdee000 	C:\Program Files\Microsoft\jdk-17.0.11.9-hotspot\bin\sunmscapi.dll
0x00007fff07480000 - 0x00007fff075e6000 	C:\WINDOWS\System32\CRYPT32.dll
0x00007fff06e20000 - 0x00007fff06e4d000 	C:\WINDOWS\SYSTEM32\ncrypt.dll
0x00007fff06de0000 - 0x00007fff06e17000 	C:\WINDOWS\SYSTEM32\NTASN1.dll
0x00007fff03520000 - 0x00007fff03528000 	C:\WINDOWS\system32\wshunix.dll

dbghelp: loaded successfully - version: 4.0.5 - missing functions: none
symbol engine: initialized successfully - sym options: 0x614 - pdb path: .;C:\Program Files\Microsoft\jdk-17.0.11.9-hotspot\bin;C:\WINDOWS\SYSTEM32;C:\WINDOWS\WinSxS\amd64_microsoft.windows.common-controls_6595b64144ccf1df_6.0.22621.3672_none_2713b9d173822955;C:\Program Files\Microsoft\jdk-17.0.11.9-hotspot\bin\server;C:\Users\Alex\.gradle\native\c067742578af261105cb4f569cf0c3c89f3d7b1fecec35dd04571415982c5e48\windows-amd64;C:\Users\Alex\.gradle\native\jansi\1.18\windows64

VM Arguments:
jvm_args: -Xmx64m -Xms64m -Dorg.gradle.appname=gradlew 
java_command: org.gradle.wrapper.GradleWrapperMain app:installRelease -PreactNativeDevServerPort=8081
java_class_path (initial): D:\Document\Nodejs\Github\flyawaygolf\mobile\android\\gradle\wrapper\gradle-wrapper.jar
Launcher Type: SUN_STANDARD

[Global flags]
     intx CICompilerCount                          = 12                                        {product} {ergonomic}
     uint ConcGCThreads                            = 3                                         {product} {ergonomic}
     uint G1ConcRefinementThreads                  = 13                                        {product} {ergonomic}
   size_t G1HeapRegionSize                         = 1048576                                   {product} {ergonomic}
    uintx GCDrainStackTargetSize                   = 64                                        {product} {ergonomic}
   size_t InitialHeapSize                          = 67108864                                  {product} {command line}
   size_t MarkStackSize                            = 4194304                                   {product} {ergonomic}
   size_t MaxHeapSize                              = 67108864                                  {product} {command line}
   size_t MaxNewSize                               = 39845888                                  {product} {ergonomic}
   size_t MinHeapDeltaBytes                        = 1048576                                   {product} {ergonomic}
   size_t MinHeapSize                              = 67108864                                  {product} {command line}
    uintx NonNMethodCodeHeapSize                   = 7602480                                {pd product} {ergonomic}
    uintx NonProfiledCodeHeapSize                  = 122027880                              {pd product} {ergonomic}
    uintx ProfiledCodeHeapSize                     = 122027880                              {pd product} {ergonomic}
    uintx ReservedCodeCacheSize                    = 251658240                              {pd product} {ergonomic}
     bool SegmentedCodeCache                       = true                                      {product} {ergonomic}
   size_t SoftMaxHeapSize                          = 67108864                               {manageable} {ergonomic}
     bool UseCompressedClassPointers               = true                           {product lp64_product} {ergonomic}
     bool UseCompressedOops                        = true                           {product lp64_product} {ergonomic}
     bool UseG1GC                                  = true                                      {product} {ergonomic}
     bool UseLargePagesIndividualAllocation        = false                                  {pd product} {ergonomic}

Logging:
Log output configuration:
 #0: stdout all=warning uptime,level,tags
 #1: stderr all=off uptime,level,tags

Environment Variables:
JAVA_HOME=C:\Program Files\Microsoft\jdk-17.0.11.9-hotspot\
CLASSPATH=D:\Document\Nodejs\Github\flyawaygolf\mobile\android\\gradle\wrapper\gradle-wrapper.jar
PATH=C:\Users\Alex\AppData\Local\Temp\xfs-ff7f8c87;C:\Program Files (x86)\Common Files\Intel\Shared Libraries\redist\intel64\compiler;C:\Program Files (x86)\Razer Chroma SDK\bin;C:\Program Files\Razer Chroma SDK\bin;C:\Program Files\Microsoft\jdk-17.0.11.9-hotspot\bin;C:\Python312\Scripts\;C:\Python312\;C:\Program Files (x86)\VMware\VMware Workstation\bin\;C:\Program Files (x86)\Razer\ChromaBroadcast\bin;C:\Program Files\Razer\ChromaBroadcast\bin;C:\WINDOWS\system32;C:\WINDOWS;C:\WINDOWS\System32\Wbem;C:\WINDOWS\System32\WindowsPowerShell\v1.0\;C:\WINDOWS\System32\OpenSSH\;C:\Users\Alex\AppData\Local\Microsoft\WindowsApps;C:\Program Files\nodejs\;C:\ProgramData\chocolatey\bin;C:\Program Files\Git\cmd;C:\Program Files (x86)\NVIDIA Corporation\PhysX\Common;C:\Program Files\Docker\Docker\resources\bin;C:\Users\Alex\AppData\Local\GitHubDesktop\bin;C:\Users\Alex\AppData\Local\Programs\Microsoft VS Code\bin;C:\Users\Alex\AppData\Roaming\npm;C:\stripe\;C:\Users\Alex\AppData\Local\Android\Sdk\platform-tools;C:\Program Files\dotnet\;C:\Program Files\NVIDIA Corporation\NVIDIA app\NvDLISR;C:\Users\Alex\AppData\Local\Android\Sdk\tools;C:\Users\Alex\AppData\Local\Microsoft\WindowsApps;C:\Users\Alex\AppData\Local\GitHubDesktop\bin;C:\Users\Alex\AppData\Local\Programs\Microsoft VS Code\bin;C:\Users\Alex\AppData\Roaming\npm;C:\stripe\;C:\Users\Alex\AppData\Local\Android\Sdk\platform-tools;
USERNAME=Alex
LANG=fr_FR.UTF-8
OS=Windows_NT
PROCESSOR_IDENTIFIER=Intel64 Family 6 Model 165 Stepping 5, GenuineIntel
TMP=C:\Users\Alex\AppData\Local\Temp
TEMP=C:\Users\Alex\AppData\Local\Temp



Periodic native trim disabled


---------------  S Y S T E M  ---------------

OS:
 Windows 11 , 64 bit Build 22621 (10.0.22621.3958)
OS uptime: 1 days 12:43 hours
Hyper-V role detected

CPU: total 16 (initial active 16) (8 cores per cpu, 2 threads per core) family 6 model 165 stepping 5 microcode 0xec, cx8, cmov, fxsr, ht, mmx, 3dnowpref, sse, sse2, sse3, ssse3, sse4.1, sse4.2, popcnt, lzcnt, tsc, tscinvbit, avx, avx2, aes, erms, clmul, bmi1, bmi2, adx, fma, vzeroupper, clflush, clflushopt, hv
Processor Information for all 16 processors :
  Max Mhz: 3792, Current Mhz: 3792, Mhz Limit: 3792

Memory: 4k page, system-wide physical 32683M (9942M free)
TotalPageFile size 34731M (AvailPageFile size 1342M)
current process WorkingSet (physical memory assigned to process): 97M, peak: 115M
current process commit charge ("private bytes"): 177M, peak: 198M

vm_info: OpenJDK 64-Bit Server VM (17.0.11+9-LTS) for windows-amd64 JRE (17.0.11+9-LTS), built on Apr  9 2024 22:05:54 by "MicrosoftCorporation" with MS VC++ 16.10 / 16.11 (VS2019)

END.
