#
# There is insufficient memory for the Java Runtime Environment to continue.
# Native memory allocation (malloc) failed to allocate 134256 bytes. Error detail: Chunk::new
# Possible reasons:
#   The system is out of physical RAM or swap space
#   This process is running with CompressedOops enabled, and the Java Heap may be blocking the growth of the native heap
# Possible solutions:
#   Reduce memory load on the system
#   Increase physical memory or swap space
#   Check if swap backing store is full
#   Decrease Java heap size (-Xmx/-Xms)
#   Decrease number of Java threads
#   Decrease Java thread stack sizes (-Xss)
#   Set larger code cache with -XX:ReservedCodeCacheSize=
#   JVM is running with Unscaled Compressed Oops mode in which the Java heap is
#     placed in the first 4GB address space. The Java Heap base address is the
#     maximum limit for the native heap growth. Please use -XX:HeapBaseMinAddress
#     to set the Java Heap base and to place the Java Heap above 4GB virtual address.
# This output file may be truncated or incomplete.
#
#  Out of Memory Error (arena.cpp:191), pid=68232, tid=75600
#
# JRE version: OpenJDK Runtime Environment Microsoft-9388408 (17.0.11+9) (build 17.0.11+9-LTS)
# Java VM: OpenJDK 64-Bit Server VM Microsoft-9388408 (17.0.11+9-LTS, mixed mode, sharing, tiered, compressed oops, compressed class ptrs, g1 gc, windows-amd64)
# No core dump will be written. Minidumps are not enabled by default on client versions of Windows
#

---------------  S U M M A R Y ------------

Command Line: -Xmx64m -Xms64m -Dorg.gradle.appname=gradlew org.gradle.wrapper.GradleWrapperMain app:installDebug -PreactNativeDevServerPort=8081

Host: Intel(R) Core(TM) i7-10700K CPU @ 3.80GHz, 16 cores, 31G,  Windows 11 , 64 bit Build 22621 (10.0.22621.3958)
Time: Sat Oct 26 21:54:46 2024 Paris, Madrid (heure duild 22621 (10.0.22621.3958) elapsed time: 0.248977 seconds (0d 0h 0m 0s)

---------------  T H R E A D  ---------------

Current thread (0x000001c49b863790):  JavaThread "C2 CompilerThread0" daemon [_thread_in_native, id=75600, stack(0x0000009c2bb00000,0x0000009c2bc00000)]


Current CompileTask:
C2:    249  513       4       java.util.HashMap::put (13 bytes)

Stack: [0x0000009c2bb00000,0x0000009c2bc00000]
Native frames: (J=compiled Java code, j=interpreted, Vv=VM code, C=native code)
V  [jvm.dll+0x67f6d9]
V  [jvm.dll+0x83773a]
V  [jvm.dll+0x8391fe]
V  [jvm.dll+0x839863]
V  [jvm.dll+0x247fbf]
V  [jvm.dll+0xac544]
V  [jvm.dll+0xacb8c]
V  [jvm.dll+0x368852]
V  [jvm.dll+0x1bd1c6]
V  [jvm.dll+0x21a729]
V  [jvm.dll+0x219a11]
V  [jvm.dll+0x1a5396]
V  [jvm.dll+0x2297cd]
V  [jvm.dll+0x22799c]
V  [jvm.dll+0x7ec8b7]
V  [jvm.dll+0x7e6cba]
V  [jvm.dll+0x67e5c5]
C  [ucrtbase.dll+0x29333]
C  [KERNEL32.DLL+0x1257d]
C  [ntdll.dll+0x5af08]


---------------  P R O C E S S  ---------------

Threads class SMR info:
_java_thread_list=0x000001c49bdd1850, length=16, elements={
0x000001c4ffed03d0, 0x000001c49b83b970, 0x000001c49b83c7f0, 0x000001c49b856190,
0x000001c49b859f70, 0x000001c49b85a930, 0x000001c49b85d300, 0x000001c49b863790,
0x000001c49b8644b0, 0x000001c49b866ec0, 0x000001c49bac3aa0, 0x000001c49baca430,
0x000001c49baf2980, 0x000001c49baf4e70, 0x000001c49bdc85d0, 0x000001c4e10bdac0
}

Java Threads: ( => current thread )
  0x000001c4ffed03d0 JavaThread "main" [_thread_in_vm, id=47364, stack(0x0000009c2ae00000,0x0000009c2af00000)]
  0x000001c49b83b970 JavaThread "Reference Handler" daemon [_thread_blocked, id=69672, stack(0x0000009c2b500000,0x0000009c2b600000)]
  0x000001c49b83c7f0 JavaThread "Finalizer" daemon [_thread_blocked, id=75624, stack(0x0000009c2b600000,0x0000009c2b700000)]
  0x000001c49b856190 JavaThread "Signal Dispatcher" daemon [_thread_blocked, id=37936, stack(0x0000009c2b700000,0x0000009c2b800000)]
  0x000001c49b859f70 JavaThread "Attach Listener" daemon [_thread_blocked, id=49900, stack(0x0000009c2b800000,0x0000009c2b900000)]
  0x000001c49b85a930 JavaThread "Service Thread" daemon [_thread_blocked, id=70116, stack(0x0000009c2b900000,0x0000009c2ba00000)]
  0x000001c49b85d300 JavaThread "Monitor Deflation Thread" daemon [_thread_blocked, id=22296, stack(0x0000009c2ba00000,0x0000009c2bb00000)]
=>0x000001c49b863790 JavaThread "C2 CompilerThread0" daemon [_thread_in_native, id=75600, stack(0x0000009c2bb00000,0x0000009c2bc00000)]
  0x000001c49b8644b0 JavaThread "C1 CompilerThread0" daemon [_thread_in_native, id=73964, stack(0x0000009c2bc00000,0x0000009c2bd00000)]
  0x000001c49b866ec0 JavaThread "Sweeper thread" daemon [_thread_blocked, id=69536, stack(0x0000009c2bd00000,0x0000009c2be00000)]
  0x000001c49bac3aa0 JavaThread "C1 CompilerThread1" daemon [_thread_blocked, id=68220, stack(0x0000009c2be00000,0x0000009c2bf00000)]
  0x000001c49baca430 JavaThread "C1 CompilerThread2" daemon [_thread_blocked, id=74876, stack(0x0000009c2bf00000,0x0000009c2c000000)]
  0x000001c49baf2980 JavaThread "Notification Thread" daemon [_thread_blocked, id=38524, stack(0x0000009c2c000000,0x0000009c2c100000)]
  0x000001c49baf4e70 JavaThread "Common-Cleaner" daemon [_thread_blocked, id=61000, stack(0x0000009c2c200000,0x0000009c2c300000)]
  0x000001c49bdc85d0 JavaThread "C2 CompilerThread1" daemon [_thread_in_native, id=27436, stack(0x0000009c2c300000,0x0000009c2c400000)]
  0x000001c4e10bdac0 JavaThread "C2 CompilerThread2" daemon [_thread_in_native, id=17044, stack(0x0000009c2c400000,0x0000009c2c500000)]

Other Threads:
  0x000001c49b838970 VMThread "VM Thread" [stack: 0x0000009c2b400000,0x0000009c2b500000] [id=68120]
  0x000001c49bac5230 WatcherThread [stack: 0x0000009c2c100000,0x0000009c2c200000] [id=29560]
  0x000001c4ffef0790 GCTaskThread "GC Thread#0" [stack: 0x0000009c2af00000,0x0000009c2b000000] [id=73616]
  0x000001c4ffef1ee0 ConcurrentGCThread "G1 Main Marker" [stack: 0x0000009c2b000000,0x0000009c2b100000] [id=62500]
  0x000001c4ffef2900 ConcurrentGCThread "G1 Conc#0" [stack: 0x0000009c2b100000,0x0000009c2b200000] [id=56980]
  0x000001c4fff678d0 ConcurrentGCThread "G1 Refine#0" [stack: 0x0000009c2b200000,0x0000009c2b300000] [id=59588]
  0x000001c4fff69310 ConcurrentGCThread "G1 Service" [stack: 0x0000009c2b300000,0x0000009c2b400000] [id=74404]

Threads with active compile tasks:
C2 CompilerThread0      260  513       4       java.util.HashMap::put (13 bytes)
C1 CompilerThread0      260  573   !   3       java.util.zip.ZipFile$Source::checkAndAddEntry (262 bytes)
C2 CompilerThread1      260  520       4       java.util.HashSet::add (20 bytes)
C2 CompilerThread2      260  537       4       java.io.File::hashCode (8 bytes)

VM state: not at safepoint (normal execution)

VM Mutex/Monitor currently owned by a thread: None

Heap address: 0x00000000fc000000, size: 64 MB, Compressed Oops mode: 32-bit

CDS archive(s) mapped at: [0x000001c49c000000-0x000001c49cbb0000-0x000001c49cbb0000), size 12255232, SharedBaseAddress: 0x000001c49c000000, ArchiveRelocationMode: 1.
Compressed class space mapped at: 0x000001c49d000000-0x000001c4dd000000, reserved size: 1073741824
Narrow klass base: 0x000001c49c000000, Narrow klass shift: 0, Narrow klass range: 0x100000000

GC Precious Log:
 CPUs: 16 total, 16 available
 Memory: 32683M
 Large Page Support: Disabled
 NUMA Support: Disabled
 Compressed Oops: Enabled (32-bit)
 Heap Region Size: 1M
 Heap Min Capacity: 64M
 Heap Initial Capacity: 64M
 Heap Max Capacity: 64M
 Pre-touch: Disabled
 Parallel Workers: 13
 Concurrent Workers: 3
 Concurrent Refinement Workers: 13
 Periodic GC: Disabled

Heap:
 garbage-first heap   total 65536K, used 13312K [0x00000000fc000000, 0x0000000100000000)
  region size 1024K, 15 young (15360K), 0 survivors (0K)
 Metaspace       used 1708K, committed 1856K, reserved 1114112K
  class space    used 157K, committed 192K, reserved 1048576K

Heap Regions: E=young(eden), S=young(survivor), O=old, HS=humongous(starts), HC=humongous(continues), CS=collection set, F=free, OA=open archive, CA=closed archive, TAMS=top-at-mark-start (previous, next)
|   0|0x00000000fc000000, 0x00000000fc000000, 0x00000000fc100000|  0%| F|  |TAMS 0x00000000fc000000, 0x00000000fc000000| Untracked 
|   1|0x00000000fc100000, 0x00000000fc100000, 0x00000000fc200000|  0%| F|  |TAMS 0x00000000fc100000, 0x00000000fc100000| Untracked 
|   2|0x00000000fc200000, 0x00000000fc200000, 0x00000000fc300000|  0%| F|  |TAMS 0x00000000fc200000, 0x00000000fc200000| Untracked 
|   3|0x00000000fc300000, 0x00000000fc300000, 0x00000000fc400000|  0%| F|  |TAMS 0x00000000fc300000, 0x00000000fc300000| Untracked 
|   4|0x00000000fc400000, 0x00000000fc400000, 0x00000000fc500000|  0%| F|  |TAMS 0x00000000fc400000, 0x00000000fc400000| Untracked 
|   5|0x00000000fc500000, 0x00000000fc500000, 0x00000000fc600000|  0%| F|  |TAMS 0x00000000fc500000, 0x00000000fc500000| Untracked 
|   6|0x00000000fc600000, 0x00000000fc600000, 0x00000000fc700000|  0%| F|  |TAMS 0x00000000fc600000, 0x00000000fc600000| Untracked 
|   7|0x00000000fc700000, 0x00000000fc700000, 0x00000000fc800000|  0%| F|  |TAMS 0x00000000fc700000, 0x00000000fc700000| Untracked 
|   8|0x00000000fc800000, 0x00000000fc800000, 0x00000000fc900000|  0%| F|  |TAMS 0x00000000fc800000, 0x00000000fc800000| Untracked 
|   9|0x00000000fc900000, 0x00000000fc900000, 0x00000000fca00000|  0%| F|  |TAMS 0x00000000fc900000, 0x00000000fc900000| Untracked 
|  10|0x00000000fca00000, 0x00000000fca00000, 0x00000000fcb00000|  0%| F|  |TAMS 0x00000000fca00000, 0x00000000fca00000| Untracked 
|  11|0x00000000fcb00000, 0x00000000fcb00000, 0x00000000fcc00000|  0%| F|  |TAMS 0x00000000fcb00000, 0x00000000fcb00000| Untracked 
|  12|0x00000000fcc00000, 0x00000000fcc00000, 0x00000000fcd00000|  0%| F|  |TAMS 0x00000000fcc00000, 0x00000000fcc00000| Untracked 
|  13|0x00000000fcd00000, 0x00000000fcd00000, 0x00000000fce00000|  0%| F|  |TAMS 0x00000000fcd00000, 0x00000000fcd00000| Untracked 
|  14|0x00000000fce00000, 0x00000000fce00000, 0x00000000fcf00000|  0%| F|  |TAMS 0x00000000fce00000, 0x00000000fce00000| Untracked 
|  15|0x00000000fcf00000, 0x00000000fcf00000, 0x00000000fd000000|  0%| F|  |TAMS 0x00000000fcf00000, 0x00000000fcf00000| Untracked 
|  16|0x00000000fd000000, 0x00000000fd000000, 0x00000000fd100000|  0%| F|  |TAMS 0x00000000fd000000, 0x00000000fd000000| Untracked 
|  17|0x00000000fd100000, 0x00000000fd100000, 0x00000000fd200000|  0%| F|  |TAMS 0x00000000fd100000, 0x00000000fd100000| Untracked 
|  18|0x00000000fd200000, 0x00000000fd200000, 0x00000000fd300000|  0%| F|  |TAMS 0x00000000fd200000, 0x00000000fd200000| Untracked 
|  19|0x00000000fd300000, 0x00000000fd300000, 0x00000000fd400000|  0%| F|  |TAMS 0x00000000fd300000, 0x00000000fd300000| Untracked 
|  20|0x00000000fd400000, 0x00000000fd400000, 0x00000000fd500000|  0%| F|  |TAMS 0x00000000fd400000, 0x00000000fd400000| Untracked 
|  21|0x00000000fd500000, 0x00000000fd500000, 0x00000000fd600000|  0%| F|  |TAMS 0x00000000fd500000, 0x00000000fd500000| Untracked 
|  22|0x00000000fd600000, 0x00000000fd600000, 0x00000000fd700000|  0%| F|  |TAMS 0x00000000fd600000, 0x00000000fd600000| Untracked 
|  23|0x00000000fd700000, 0x00000000fd700000, 0x00000000fd800000|  0%| F|  |TAMS 0x00000000fd700000, 0x00000000fd700000| Untracked 
|  24|0x00000000fd800000, 0x00000000fd800000, 0x00000000fd900000|  0%| F|  |TAMS 0x00000000fd800000, 0x00000000fd800000| Untracked 
|  25|0x00000000fd900000, 0x00000000fd900000, 0x00000000fda00000|  0%| F|  |TAMS 0x00000000fd900000, 0x00000000fd900000| Untracked 
|  26|0x00000000fda00000, 0x00000000fda00000, 0x00000000fdb00000|  0%| F|  |TAMS 0x00000000fda00000, 0x00000000fda00000| Untracked 
|  27|0x00000000fdb00000, 0x00000000fdb00000, 0x00000000fdc00000|  0%| F|  |TAMS 0x00000000fdb00000, 0x00000000fdb00000| Untracked 
|  28|0x00000000fdc00000, 0x00000000fdc00000, 0x00000000fdd00000|  0%| F|  |TAMS 0x00000000fdc00000, 0x00000000fdc00000| Untracked 
|  29|0x00000000fdd00000, 0x00000000fdd00000, 0x00000000fde00000|  0%| F|  |TAMS 0x00000000fdd00000, 0x00000000fdd00000| Untracked 
|  30|0x00000000fde00000, 0x00000000fde00000, 0x00000000fdf00000|  0%| F|  |TAMS 0x00000000fde00000, 0x00000000fde00000| Untracked 
|  31|0x00000000fdf00000, 0x00000000fdf00000, 0x00000000fe000000|  0%| F|  |TAMS 0x00000000fdf00000, 0x00000000fdf00000| Untracked 
|  32|0x00000000fe000000, 0x00000000fe000000, 0x00000000fe100000|  0%| F|  |TAMS 0x00000000fe000000, 0x00000000fe000000| Untracked 
|  33|0x00000000fe100000, 0x00000000fe100000, 0x00000000fe200000|  0%| F|  |TAMS 0x00000000fe100000, 0x00000000fe100000| Untracked 
|  34|0x00000000fe200000, 0x00000000fe200000, 0x00000000fe300000|  0%| F|  |TAMS 0x00000000fe200000, 0x00000000fe200000| Untracked 
|  35|0x00000000fe300000, 0x00000000fe300000, 0x00000000fe400000|  0%| F|  |TAMS 0x00000000fe300000, 0x00000000fe300000| Untracked 
|  36|0x00000000fe400000, 0x00000000fe400000, 0x00000000fe500000|  0%| F|  |TAMS 0x00000000fe400000, 0x00000000fe400000| Untracked 
|  37|0x00000000fe500000, 0x00000000fe500000, 0x00000000fe600000|  0%| F|  |TAMS 0x00000000fe500000, 0x00000000fe500000| Untracked 
|  38|0x00000000fe600000, 0x00000000fe600000, 0x00000000fe700000|  0%| F|  |TAMS 0x00000000fe600000, 0x00000000fe600000| Untracked 
|  39|0x00000000fe700000, 0x00000000fe700000, 0x00000000fe800000|  0%| F|  |TAMS 0x00000000fe700000, 0x00000000fe700000| Untracked 
|  40|0x00000000fe800000, 0x00000000fe800000, 0x00000000fe900000|  0%| F|  |TAMS 0x00000000fe800000, 0x00000000fe800000| Untracked 
|  41|0x00000000fe900000, 0x00000000fe900000, 0x00000000fea00000|  0%| F|  |TAMS 0x00000000fe900000, 0x00000000fe900000| Untracked 
|  42|0x00000000fea00000, 0x00000000fea00000, 0x00000000feb00000|  0%| F|  |TAMS 0x00000000fea00000, 0x00000000fea00000| Untracked 
|  43|0x00000000feb00000, 0x00000000feb00000, 0x00000000fec00000|  0%| F|  |TAMS 0x00000000feb00000, 0x00000000feb00000| Untracked 
|  44|0x00000000fec00000, 0x00000000fec00000, 0x00000000fed00000|  0%| F|  |TAMS 0x00000000fec00000, 0x00000000fec00000| Untracked 
|  45|0x00000000fed00000, 0x00000000fed00000, 0x00000000fee00000|  0%| F|  |TAMS 0x00000000fed00000, 0x00000000fed00000| Untracked 
|  46|0x00000000fee00000, 0x00000000fee00000, 0x00000000fef00000|  0%| F|  |TAMS 0x00000000fee00000, 0x00000000fee00000| Untracked 
|  47|0x00000000fef00000, 0x00000000fef00000, 0x00000000ff000000|  0%| F|  |TAMS 0x00000000fef00000, 0x00000000fef00000| Untracked 
|  48|0x00000000ff000000, 0x00000000ff000000, 0x00000000ff100000|  0%| F|  |TAMS 0x00000000ff000000, 0x00000000ff000000| Untracked 
|  49|0x00000000ff100000, 0x00000000ff200000, 0x00000000ff200000|100%| E|  |TAMS 0x00000000ff100000, 0x00000000ff100000| Complete 
|  50|0x00000000ff200000, 0x00000000ff300000, 0x00000000ff300000|100%| E|CS|TAMS 0x00000000ff200000, 0x00000000ff200000| Complete 
|  51|0x00000000ff300000, 0x00000000ff400000, 0x00000000ff400000|100%| E|  |TAMS 0x00000000ff300000, 0x00000000ff300000| Complete 
|  52|0x00000000ff400000, 0x00000000ff500000, 0x00000000ff500000|100%| E|CS|TAMS 0x00000000ff400000, 0x00000000ff400000| Complete 
|  53|0x00000000ff500000, 0x00000000ff600000, 0x00000000ff600000|100%| E|CS|TAMS 0x00000000ff500000, 0x00000000ff500000| Complete 
|  54|0x00000000ff600000, 0x00000000ff700000, 0x00000000ff700000|100%| E|CS|TAMS 0x00000000ff600000, 0x00000000ff600000| Complete 
|  55|0x00000000ff700000, 0x00000000ff800000, 0x00000000ff800000|100%| E|CS|TAMS 0x00000000ff700000, 0x00000000ff700000| Complete 
|  56|0x00000000ff800000, 0x00000000ff900000, 0x00000000ff900000|100%| E|CS|TAMS 0x00000000ff800000, 0x00000000ff800000| Complete 
|  57|0x00000000ff900000, 0x00000000ffa00000, 0x00000000ffa00000|100%| E|CS|TAMS 0x00000000ff900000, 0x00000000ff900000| Complete 
|  58|0x00000000ffa00000, 0x00000000ffb00000, 0x00000000ffb00000|100%| E|CS|TAMS 0x00000000ffa00000, 0x00000000ffa00000| Complete 
|  59|0x00000000ffb00000, 0x00000000ffc00000, 0x00000000ffc00000|100%| E|CS|TAMS 0x00000000ffb00000, 0x00000000ffb00000| Complete 
|  60|0x00000000ffc00000, 0x00000000ffd00000, 0x00000000ffd00000|100%| E|CS|TAMS 0x00000000ffc00000, 0x00000000ffc00000| Complete 
|  61|0x00000000ffd00000, 0x00000000ffe00000, 0x00000000ffe00000|100%| E|CS|TAMS 0x00000000ffd00000, 0x00000000ffd00000| Complete 
|  62|0x00000000ffe00000, 0x00000000fff00000, 0x00000000fff00000|100%| E|CS|TAMS 0x00000000ffe00000, 0x00000000ffe00000| Complete 
|  63|0x00000000fff00000, 0x0000000100000000, 0x0000000100000000|100%| E|CS|TAMS 0x00000000fff00000, 0x00000000fff00000| Complete 

Card table byte_map: [0x000001c4ffe00000,0x000001c4ffe20000] _byte_map_base: 0x000001c4ff620000

Marking Bits (Prev, Next): (CMBitMap*) 0x000001c4ffef0db0, (CMBitMap*) 0x000001c4ffef0df0
 Prev Bits: [0x000001c498700000, 0x000001c498800000)
 Next Bits: [0x000001c498800000, 0x000001c498900000)

Polling page: 0x000001c4ff680000

Metaspace:

Usage:
  Non-class:      1.55 MB used.
      Class:    159.53 KB used.
       Both:      1.71 MB used.

Virtual space:
  Non-class space:       64.00 MB reserved,       1.62 MB (  3%) committed,  1 nodes.
      Class space:        1.00 GB reserved,     192.00 KB ( <1%) committed,  1 nodes.
             Both:        1.06 GB reserved,       1.81 MB ( <1%) committed. 

Chunk freelists:
   Non-Class:  11.72 MB
       Class:  15.69 MB
        Both:  27.41 MB

MaxMetaspaceSize: unlimited
CompressedClassSpaceSize: 1.00 GB
Initial GC threshold: 21.00 MB
Current GC threshold: 21.00 MB
CDS: on
MetaspaceReclaimPolicy: balanced
 - commit_granule_bytes: 65536.
 - commit_granule_words: 8192.
 - virtual_space_node_default_size: 8388608.
 - enlarge_chunks_in_place: 1.
 - new_chunks_are_fully_committed: 0.
 - uncommit_free_chunks: 1.
 - use_allocation_guard: 0.
 - handle_deallocations: 1.


Internal statistics:

num_allocs_failed_limit: 0.
num_arena_births: 12.
num_arena_deaths: 0.
num_vsnodes_births: 2.
num_vsnodes_deaths: 0.
num_space_committed: 29.
num_space_uncommitted: 0.
num_chunks_returned_to_freelist: 0.
num_chunks_taken_from_freelist: 41.
num_chunk_merges: 0.
num_chunk_splits: 21.
num_chunks_enlarged: 14.
num_inconsistent_stats: 0.

CodeHeap 'non-profiled nmethods': size=119168Kb used=188Kb max_used=188Kb free=118979Kb
 bounds [0x000001c490a20000, 0x000001c490c90000, 0x000001c497e80000]
CodeHeap 'profiled nmethods': size=119104Kb used=930Kb max_used=930Kb free=118173Kb
 bounds [0x000001c488e80000, 0x000001c4890f0000, 0x000001c4902d0000]
CodeHeap 'non-nmethods': size=7488Kb used=2249Kb max_used=2269Kb free=5239Kb
 bounds [0x000001c4902d0000, 0x000001c490540000, 0x000001c490a20000]
 total_blobs=972 nmethods=568 adapters=315
 compilation: enabled
              stopped_count=0, restarted_count=0
 full_count=0

Compilation events (20 events):
Event: 0.246 Thread 0x000001c49bdc85d0 nmethod 511 0x000001c490a4a590 code [0x000001c490a4a760, 0x000001c490a4b7b8]
Event: 0.246 Thread 0x000001c49bdc85d0  520       4       java.util.HashSet::add (20 bytes)
Event: 0.246 Thread 0x000001c49baca430  528       3       java.util.HashMap::putVal (300 bytes)
Event: 0.246 Thread 0x000001c49bac3aa0  529       3       java.util.HashSet::<init> (18 bytes)
Event: 0.246 Thread 0x000001c49b8644b0  530       3       java.util.LinkedHashMap::<init> (12 bytes)
Event: 0.246 Thread 0x000001c49b8644b0 nmethod 530 0x000001c488f55a90 code [0x000001c488f55c20, 0x000001c488f55d68]
Event: 0.246 Thread 0x000001c49b8644b0  531       3       java.io.File::equals (28 bytes)
Event: 0.246 Thread 0x000001c49bac3aa0 nmethod 529 0x000001c488f55e10 code [0x000001c488f55fe0, 0x000001c488f56388]
Event: 0.246 Thread 0x000001c49bac3aa0  532       3       java.io.File::compareTo (9 bytes)
Event: 0.246 Thread 0x000001c49bac3aa0 nmethod 532 0x000001c488f56510 code [0x000001c488f566e0, 0x000001c488f569c8]
Event: 0.246 Thread 0x000001c49b8644b0 nmethod 531 0x000001c488f56b90 code [0x000001c488f56d80, 0x000001c488f573c8]
Event: 0.246 Thread 0x000001c49bac3aa0  533       3       java.io.WinNTFileSystem::compare (12 bytes)
Event: 0.246 Thread 0x000001c49b8644b0  534       3       java.lang.String::compareToIgnoreCase (11 bytes)
Event: 0.246 Thread 0x000001c49b8644b0 nmethod 534 0x000001c488f57590 code [0x000001c488f57740, 0x000001c488f578e8]
Event: 0.246 Thread 0x000001c49b8644b0  535       3       java.lang.String$CaseInsensitiveComparator::compare (13 bytes)
Event: 0.247 Thread 0x000001c49bac3aa0 nmethod 533 0x000001c488f57a10 code [0x000001c488f57bc0, 0x000001c488f57e08]
Event: 0.247 Thread 0x000001c49bac3aa0  536       3       java.lang.String$CaseInsensitiveComparator::compare (68 bytes)
Event: 0.247 Thread 0x000001c49baca430 nmethod 528 0x000001c488f57f90 code [0x000001c488f58240, 0x000001c488f59498]
Event: 0.247 Thread 0x000001c49b8644b0 nmethod 535 0x000001c488f59990 code [0x000001c488f59b40, 0x000001c488f59e68]
Event: 0.247 Thread 0x000001c49bac3aa0 nmethod 536 0x000001c488f59f90 code [0x000001c488f5a1a0, 0x000001c488f5a638]

GC Heap History (0 events):
No events

Dll operation events (6 events):
Event: 0.005 Loaded shared library C:\Program Files\Microsoft\jdk-17.0.11.9-hotspot\bin\java.dll
Event: 0.018 Loaded shared library C:\Program Files\Microsoft\jdk-17.0.11.9-hotspot\bin\jsvml.dll
Event: 0.037 Loaded shared library C:\Program Files\Microsoft\jdk-17.0.11.9-hotspot\bin\net.dll
Event: 0.038 Loaded shared library C:\Program Files\Microsoft\jdk-17.0.11.9-hotspot\bin\nio.dll
Event: 0.039 Loaded shared library C:\Program Files\Microsoft\jdk-17.0.11.9-hotspot\bin\zip.dll
Event: 0.041 Loaded shared library C:\Program Files\Microsoft\jdk-17.0.11.9-hotspot\bin\verify.dll

Deoptimization events (20 events):
Event: 0.124 Thread 0x000001c4ffed03d0 DEOPT PACKING pc=0x000001c488ef93be sp=0x0000009c2aefd1b0
Event: 0.124 Thread 0x000001c4ffed03d0 DEOPT UNPACKING pc=0x000001c490327143 sp=0x0000009c2aefc628 mode 0
Event: 0.142 Thread 0x000001c4ffed03d0 DEOPT PACKING pc=0x000001c488eee6f2 sp=0x0000009c2aefd240
Event: 0.142 Thread 0x000001c4ffed03d0 DEOPT UNPACKING pc=0x000001c490327143 sp=0x0000009c2aefc700 mode 0
Event: 0.145 Thread 0x000001c4ffed03d0 DEOPT PACKING pc=0x000001c488eee6f2 sp=0x0000009c2aefd170
Event: 0.145 Thread 0x000001c4ffed03d0 DEOPT UNPACKING pc=0x000001c490327143 sp=0x0000009c2aefc630 mode 0
Event: 0.145 Thread 0x000001c4ffed03d0 DEOPT PACKING pc=0x000001c488eee6f2 sp=0x0000009c2aefd170
Event: 0.145 Thread 0x000001c4ffed03d0 DEOPT UNPACKING pc=0x000001c490327143 sp=0x0000009c2aefc630 mode 0
Event: 0.148 Thread 0x000001c4ffed03d0 DEOPT PACKING pc=0x000001c488eee6f2 sp=0x0000009c2aefd2d0
Event: 0.148 Thread 0x000001c4ffed03d0 DEOPT UNPACKING pc=0x000001c490327143 sp=0x0000009c2aefc790 mode 0
Event: 0.149 Thread 0x000001c4ffed03d0 DEOPT PACKING pc=0x000001c488eee6f2 sp=0x0000009c2aefd240
Event: 0.149 Thread 0x000001c4ffed03d0 DEOPT UNPACKING pc=0x000001c490327143 sp=0x0000009c2aefc700 mode 0
Event: 0.190 Thread 0x000001c4ffed03d0 Uncommon trap: trap_request=0xffffff45 fr.pc=0x000001c490a3ee94 relative=0x0000000000000094
Event: 0.190 Thread 0x000001c4ffed03d0 Uncommon trap: reason=unstable_if action=reinterpret pc=0x000001c490a3ee94 method=java.util.regex.Pattern.append(II)V @ 9 c2
Event: 0.190 Thread 0x000001c4ffed03d0 DEOPT PACKING pc=0x000001c490a3ee94 sp=0x0000009c2aefd0d0
Event: 0.190 Thread 0x000001c4ffed03d0 DEOPT UNPACKING pc=0x000001c4903269a3 sp=0x0000009c2aefd060 mode 2
Event: 0.246 Thread 0x000001c4ffed03d0 Uncommon trap: trap_request=0xffffff45 fr.pc=0x000001c490a4b588 relative=0x0000000000000e28
Event: 0.246 Thread 0x000001c4ffed03d0 Uncommon trap: reason=unstable_if action=reinterpret pc=0x000001c490a4b588 method=java.util.HashMap.putVal(ILjava/lang/Object;Ljava/lang/Object;ZZ)Ljava/lang/Object; @ 81 c2
Event: 0.246 Thread 0x000001c4ffed03d0 DEOPT PACKING pc=0x000001c490a4b588 sp=0x0000009c2aefd740
Event: 0.246 Thread 0x000001c4ffed03d0 DEOPT UNPACKING pc=0x000001c4903269a3 sp=0x0000009c2aefd6c0 mode 2

Classes unloaded (0 events):
No events

Classes redefined (0 events):
No events

Internal exceptions (1 events):
Event: 0.093 Thread 0x000001c4ffed03d0 Exception <a 'java/lang/NoSuchMethodError'{0x00000000ffccb0f8}: 'int java.lang.invoke.DirectMethodHandle$Holder.invokeStaticInit(java.lang.Object, java.lang.Object)'> (0x00000000ffccb0f8) 
thrown [s\src\hotspot\share\interpreter\linkResolver.cpp, line 759]

VM Operations (2 events):
Event: 0.040 Executing VM operation: HandshakeAllThreads
Event: 0.040 Executing VM operation: HandshakeAllThreads done

Events (20 events):
Event: 0.085 loading class jdk/internal/access/JavaIOFilePermissionAccess
Event: 0.085 loading class jdk/internal/access/JavaIOFilePermissionAccess done
Event: 0.085 loading class java/io/FilePermission$1 done
Event: 0.085 loading class java/io/FilePermissionCollection
Event: 0.085 loading class java/io/FilePermissionCollection done
Event: 0.085 loading class java/util/Vector
Event: 0.085 loading class java/util/Vector done
Event: 0.085 loading class java/io/FilePermissionCollection$1
Event: 0.085 loading class java/io/FilePermissionCollection$1 done
Event: 0.085 loading class sun/security/util/ManifestEntryVerifier
Event: 0.085 loading class sun/security/util/ManifestEntryVerifier done
Event: 0.095 loading class java/net/MalformedURLException
Event: 0.095 loading class java/net/MalformedURLException done
Event: 0.096 loading class java/io/FileFilter
Event: 0.096 loading class java/io/FileFilter done
Event: 0.107 loading class java/util/AbstractList$Itr
Event: 0.107 loading class java/util/AbstractList$Itr done
Event: 0.117 loading class java/lang/invoke/DirectMethodHandle$Special
Event: 0.117 loading class java/lang/invoke/DirectMethodHandle$Special done
Event: 0.120 Thread 0x000001c49bdc85d0 Thread added: 0x000001c49bdc85d0


Dynamic libraries:
0x00007ff763a00000 - 0x00007ff763a0e000 	C:\Program Files\Microsoft\jdk-17.0.11.9-hotspot\bin\java.exe
0x00007fff0a170000 - 0x00007fff0a387000 	C:\WINDOWS\SYSTEM32\ntdll.dll
0x00007fff09900000 - 0x00007fff099c4000 	C:\WINDOWS\System32\KERNEL32.DLL
0x00007fff07860000 - 0x00007fff07c17000 	C:\WINDOWS\System32\KERNELBASE.dll
0x00007fff07660000 - 0x00007fff07771000 	C:\WINDOWS\System32\ucrtbase.dll
0x00007ffefb260000 - 0x00007ffefb277000 	C:\Program Files\Microsoft\jdk-17.0.11.9-hotspot\bin\jli.dll
0x00007ffefad90000 - 0x00007ffefadab000 	C:\Program Files\Microsoft\jdk-17.0.11.9-hotspot\bin\VCRUNTIME140.dll
0x00007fff08480000 - 0x00007fff0862f000 	C:\WINDOWS\System32\USER32.dll
0x00007ffef9ff0000 - 0x00007ffefa283000 	C:\WINDOWS\WinSxS\amd64_microsoft.windows.common-controls_6595b64144ccf1df_6.0.22621.3672_none_2713b9d173822955\COMCTL32.dll
0x00007fff07830000 - 0x00007fff07856000 	C:\WINDOWS\System32\win32u.dll
0x00007fff08630000 - 0x00007fff086d7000 	C:\WINDOWS\System32\msvcrt.dll
0x00007fff087a0000 - 0x00007fff087c9000 	C:\WINDOWS\System32\GDI32.dll
0x00007fff07cc0000 - 0x00007fff07dd8000 	C:\WINDOWS\System32\gdi32full.dll
0x00007fff07c20000 - 0x00007fff07cba000 	C:\WINDOWS\System32\msvcp_win.dll
0x00007fff09c10000 - 0x00007fff09c41000 	C:\WINDOWS\System32\IMM32.DLL
0x00007ffeff490000 - 0x00007ffeff49c000 	C:\Program Files\Microsoft\jdk-17.0.11.9-hotspot\bin\vcruntime140_1.dll
0x00007ffef5710000 - 0x00007ffef579d000 	C:\Program Files\Microsoft\jdk-17.0.11.9-hotspot\bin\msvcp140.dll
0x00007ffe78fe0000 - 0x00007ffe79c46000 	C:\Program Files\Microsoft\jdk-17.0.11.9-hotspot\bin\server\jvm.dll
0x00007fff083b0000 - 0x00007fff08462000 	C:\WINDOWS\System32\ADVAPI32.dll
0x00007fff097a0000 - 0x00007fff09848000 	C:\WINDOWS\System32\sechost.dll
0x00007fff07780000 - 0x00007fff077a8000 	C:\WINDOWS\System32\bcrypt.dll
0x00007fff08d50000 - 0x00007fff08e64000 	C:\WINDOWS\System32\RPCRT4.dll
0x00007fff062f0000 - 0x00007fff0633d000 	C:\WINDOWS\SYSTEM32\POWRPROF.dll
0x00007fff00030000 - 0x00007fff00064000 	C:\WINDOWS\SYSTEM32\WINMM.dll
0x00007fff032e0000 - 0x00007fff032e9000 	C:\WINDOWS\SYSTEM32\WSOCK32.dll
0x00007ffefd490000 - 0x00007ffefd49a000 	C:\WINDOWS\SYSTEM32\VERSION.dll
0x00007fff08330000 - 0x00007fff083a1000 	C:\WINDOWS\System32\WS2_32.dll
0x00007fff062d0000 - 0x00007fff062e3000 	C:\WINDOWS\SYSTEM32\UMPDC.dll
0x00007fff06580000 - 0x00007fff06598000 	C:\WINDOWS\SYSTEM32\kernel.appcore.dll
0x00007ffefb250000 - 0x00007ffefb25a000 	C:\Program Files\Microsoft\jdk-17.0.11.9-hotspot\bin\jimage.dll
0x00007ffef1df0000 - 0x00007ffef2022000 	C:\WINDOWS\SYSTEM32\DBGHELP.DLL
0x00007fff07fa0000 - 0x00007fff0832e000 	C:\WINDOWS\System32\combase.dll
0x00007fff09e20000 - 0x00007fff09ef7000 	C:\WINDOWS\System32\OLEAUT32.dll
0x00007ffefb9f0000 - 0x00007ffefba22000 	C:\WINDOWS\SYSTEM32\dbgcore.DLL
0x00007fff077b0000 - 0x00007fff0782b000 	C:\WINDOWS\System32\bcryptPrimitives.dll
0x00007ffef85d0000 - 0x00007ffef85f5000 	C:\Program Files\Microsoft\jdk-17.0.11.9-hotspot\bin\java.dll
0x00007ffed2be0000 - 0x00007ffed2cb7000 	C:\Program Files\Microsoft\jdk-17.0.11.9-hotspot\bin\jsvml.dll
0x00007fff08f30000 - 0x00007fff09799000 	C:\WINDOWS\System32\SHELL32.dll
0x00007fff053b0000 - 0x00007fff05caf000 	C:\WINDOWS\SYSTEM32\windows.storage.dll
0x00007fff05270000 - 0x00007fff053af000 	C:\WINDOWS\SYSTEM32\wintypes.dll
0x00007fff07ea0000 - 0x00007fff07f99000 	C:\WINDOWS\System32\SHCORE.dll
0x00007fff08740000 - 0x00007fff0879e000 	C:\WINDOWS\System32\shlwapi.dll
0x00007fff073b0000 - 0x00007fff073d7000 	C:\WINDOWS\SYSTEM32\profapi.dll
0x00007ffef56f0000 - 0x00007ffef5709000 	C:\Program Files\Microsoft\jdk-17.0.11.9-hotspot\bin\net.dll
0x00007fff02840000 - 0x00007fff02976000 	C:\WINDOWS\SYSTEM32\WINHTTP.dll
0x00007fff069e0000 - 0x00007fff06a49000 	C:\WINDOWS\system32\mswsock.dll
0x00007ffef56d0000 - 0x00007ffef56e6000 	C:\Program Files\Microsoft\jdk-17.0.11.9-hotspot\bin\nio.dll
0x00007ffef56b0000 - 0x00007ffef56c8000 	C:\Program Files\Microsoft\jdk-17.0.11.9-hotspot\bin\zip.dll
0x00007ffefad80000 - 0x00007ffefad90000 	C:\Program Files\Microsoft\jdk-17.0.11.9-hotspot\bin\verify.dll

dbghelp: loaded successfully - version: 4.0.5 - missing functions: none
symbol engine: initialized successfully - sym options: 0x614 - pdb path: .;C:\Program Files\Microsoft\jdk-17.0.11.9-hotspot\bin;C:\WINDOWS\SYSTEM32;C:\WINDOWS\WinSxS\amd64_microsoft.windows.common-controls_6595b64144ccf1df_6.0.22621.3672_none_2713b9d173822955;C:\Program Files\Microsoft\jdk-17.0.11.9-hotspot\bin\server

VM Arguments:
jvm_args: -Xmx64m -Xms64m -Dorg.gradle.appname=gradlew 
java_command: org.gradle.wrapper.GradleWrapperMain app:installDebug -PreactNativeDevServerPort=8081
java_class_path (initial): D:\Document\Nodejs\Github\flyawaygolf\mobile\android\\gradle\wrapper\gradle-wrapper.jar
Launcher Type: SUN_STANDARD

[Global flags]
     intx CICompilerCount                          = 12                                        {product} {ergonomic}
     uint ConcGCThreads                            = 3                                         {product} {ergonomic}
     uint G1ConcRefinementThreads                  = 13                                        {product} {ergonomic}
   size_t G1HeapRegionSize                         = 1048576                                   {product} {ergonomic}
    uintx GCDrainStackTargetSize                   = 64                                        {product} {ergonomic}
   size_t InitialHeapSize                          = 67108864                                  {product} {command line}
   size_t MarkStackSize                            = 4194304                                   {product} {ergonomic}
   size_t MaxHeapSize                              = 67108864                                  {product} {command line}
   size_t MaxNewSize                               = 39845888                                  {product} {ergonomic}
   size_t MinHeapDeltaBytes                        = 1048576                                   {product} {ergonomic}
   size_t MinHeapSize                              = 67108864                                  {product} {command line}
    uintx NonNMethodCodeHeapSize                   = 7602480                                {pd product} {ergonomic}
    uintx NonProfiledCodeHeapSize                  = 122027880                              {pd product} {ergonomic}
    uintx ProfiledCodeHeapSize                     = 122027880                              {pd product} {ergonomic}
    uintx ReservedCodeCacheSize                    = 251658240                              {pd product} {ergonomic}
     bool SegmentedCodeCache                       = true                                      {product} {ergonomic}
   size_t SoftMaxHeapSize                          = 67108864                               {manageable} {ergonomic}
     bool UseCompressedClassPointers               = true                           {product lp64_product} {ergonomic}
     bool UseCompressedOops                        = true                           {product lp64_product} {ergonomic}
     bool UseG1GC                                  = true                                      {product} {ergonomic}
     bool UseLargePagesIndividualAllocation        = false                                  {pd product} {ergonomic}

Logging:
Log output configuration:
 #0: stdout all=warning uptime,level,tags
 #1: stderr all=off uptime,level,tags

Environment Variables:
JAVA_HOME=C:\Program Files\Microsoft\jdk-17.0.11.9-hotspot\
CLASSPATH=D:\Document\Nodejs\Github\flyawaygolf\mobile\android\\gradle\wrapper\gradle-wrapper.jar
PATH=C:\Users\Alex\AppData\Local\Temp\xfs-a3d3f030;C:\Program Files (x86)\Common Files\Intel\Shared Libraries\redist\intel64\compiler;C:\Program Files (x86)\Razer Chroma SDK\bin;C:\Program Files\Razer Chroma SDK\bin;C:\Program Files\Microsoft\jdk-17.0.11.9-hotspot\bin;C:\Python312\Scripts\;C:\Python312\;C:\Program Files (x86)\VMware\VMware Workstation\bin\;C:\Program Files (x86)\Razer\ChromaBroadcast\bin;C:\Program Files\Razer\ChromaBroadcast\bin;C:\WINDOWS\system32;C:\WINDOWS;C:\WINDOWS\System32\Wbem;C:\WINDOWS\System32\WindowsPowerShell\v1.0\;C:\WINDOWS\System32\OpenSSH\;C:\Users\Alex\AppData\Local\Microsoft\WindowsApps;C:\Program Files\nodejs\;C:\ProgramData\chocolatey\bin;C:\Program Files\Git\cmd;C:\Program Files (x86)\NVIDIA Corporation\PhysX\Common;C:\Program Files\Docker\Docker\resources\bin;C:\Users\Alex\AppData\Local\GitHubDesktop\bin;C:\Users\Alex\AppData\Local\Programs\Microsoft VS Code\bin;C:\Users\Alex\AppData\Roaming\npm;C:\stripe\;C:\Users\Alex\AppData\Local\Android\Sdk\platform-tools;C:\Program Files\dotnet\;C:\Program Files\NVIDIA Corporation\NVIDIA app\NvDLISR;C:\Users\Alex\AppData\Local\Android\Sdk\tools;C:\Users\Alex\AppData\Local\Microsoft\WindowsApps;C:\Users\Alex\AppData\Local\GitHubDesktop\bin;C:\Users\Alex\AppData\Local\Programs\Microsoft VS Code\bin;C:\Users\Alex\AppData\Roaming\npm;C:\stripe\;C:\Users\Alex\AppData\Local\Android\Sdk\platform-tools;
USERNAME=Alex
LANG=fr_FR.UTF-8
OS=Windows_NT
PROCESSOR_IDENTIFIER=Intel64 Family 6 Model 165 Stepping 5, GenuineIntel
TMP=C:\Users\Alex\AppData\Local\Temp
TEMP=C:\Users\Alex\AppData\Local\Temp



Periodic native trim disabled


---------------  S Y S T E M  ---------------

OS:
 Windows 11 , 64 bit Build 22621 (10.0.22621.3958)
OS uptime: 3 days 11:22 hours
Hyper-V role detected

CPU: total 16 (initial active 16) (8 cores per cpu, 2 threads per core) family 6 model 165 stepping 5 microcode 0xec, cx8, cmov, fxsr, ht, mmx, 3dnowpref, sse, sse2, sse3, ssse3, sse4.1, sse4.2, popcnt, lzcnt, tsc, tscinvbit, avx, avx2, aes, erms, clmul, bmi1, bmi2, adx, fma, vzeroupper, clflush, clflushopt, hv
Processor Information for all 16 processors :
  Max Mhz: 3792, Current Mhz: 3792, Mhz Limit: 3792

Memory: 4k page, system-wide physical 32683M (8236M free)
TotalPageFile size 34731M (AvailPageFile size 5M)
current process WorkingSet (physical memory assigned to process): 60M, peak: 60M
current process commit charge ("private bytes"): 163M, peak: 163M

vm_info: OpenJDK 64-Bit Server VM (17.0.11+9-LTS) for windows-amd64 JRE (17.0.11+9-LTS), built on Apr  9 2024 22:05:54 by "MicrosoftCorporation" with MS VC++ 16.10 / 16.11 (VS2019)

END.
